  [1m[35m (1.0ms)[0m  [1m[34mSELECT sqlite_version(*)[0m
  ↳ bin/rails:9
  [1m[35m (4.1ms)[0m  [1m[35mCREATE TABLE "schema_migrations" ("version" varchar NOT NULL PRIMARY KEY)[0m
  ↳ bin/rails:9
  [1m[35m (3.7ms)[0m  [1m[35mCREATE TABLE "ar_internal_metadata" ("key" varchar NOT NULL PRIMARY KEY, "value" varchar, "created_at" datetime NOT NULL, "updated_at" datetime NOT NULL)[0m
  ↳ bin/rails:9
  [1m[36mActiveRecord::InternalMetadata Load (0.3ms)[0m  [1m[34mSELECT  "ar_internal_metadata".* FROM "ar_internal_metadata" WHERE "ar_internal_metadata"."key" = ? LIMIT ?[0m  [["key", "environment"], ["LIMIT", 1]]
  ↳ bin/rails:9
  [1m[35m (0.1ms)[0m  [1m[36mbegin transaction[0m
  ↳ bin/rails:9
  [1m[36mActiveRecord::InternalMetadata Create (0.7ms)[0m  [1m[32mINSERT INTO "ar_internal_metadata" ("key", "value", "created_at", "updated_at") VALUES (?, ?, ?, ?)[0m  [["key", "environment"], ["value", "development"], ["created_at", "2018-10-10 11:17:43.541517"], ["updated_at", "2018-10-10 11:17:43.541517"]]
  ↳ bin/rails:9
  [1m[35m (1.2ms)[0m  [1m[36mcommit transaction[0m
  ↳ bin/rails:9
  [1m[35m (0.3ms)[0m  [1m[34mSELECT "schema_migrations"."version" FROM "schema_migrations" ORDER BY "schema_migrations"."version" ASC[0m
  ↳ bin/rails:9
  [1m[35m (0.4ms)[0m  [1m[34mSELECT "schema_migrations"."version" FROM "schema_migrations" ORDER BY "schema_migrations"."version" ASC[0m
  ↳ bin/rails:9
Migrating to CreateBrands (20181010111913)
  [1m[35m (0.1ms)[0m  [1m[36mbegin transaction[0m
  ↳ bin/rails:9
  [1m[35m (0.1ms)[0m  [1m[34mSELECT sqlite_version(*)[0m
  ↳ db/migrate/20181010111913_create_brands.rb:3
  [1m[35m (0.7ms)[0m  [1m[35mCREATE TABLE "brands" ("id" integer PRIMARY KEY AUTOINCREMENT NOT NULL, "company_name" text, "founded" integer, "hq" text, "ceo" text, "website" text, "slogan" text, "logo_url" text)[0m
  ↳ db/migrate/20181010111913_create_brands.rb:3
  [1m[36mActiveRecord::SchemaMigration Create (0.6ms)[0m  [1m[32mINSERT INTO "schema_migrations" ("version") VALUES (?)[0m  [["version", "20181010111913"]]
  ↳ bin/rails:9
  [1m[35m (1.8ms)[0m  [1m[36mcommit transaction[0m
  ↳ bin/rails:9
  [1m[36mActiveRecord::InternalMetadata Load (0.5ms)[0m  [1m[34mSELECT  "ar_internal_metadata".* FROM "ar_internal_metadata" WHERE "ar_internal_metadata"."key" = ? LIMIT ?[0m  [["key", "environment"], ["LIMIT", 1]]
  ↳ bin/rails:9
  [1m[35m (0.3ms)[0m  [1m[36mbegin transaction[0m
  ↳ bin/rails:9
  [1m[35m (0.1ms)[0m  [1m[36mcommit transaction[0m
  ↳ bin/rails:9
  [1m[35m (0.3ms)[0m  [1m[34mSELECT "schema_migrations"."version" FROM "schema_migrations" ORDER BY "schema_migrations"."version" ASC[0m
  ↳ bin/rails:9
  [1m[35m (0.5ms)[0m  [1m[34mSELECT "schema_migrations"."version" FROM "schema_migrations" ORDER BY "schema_migrations"."version" ASC[0m
  ↳ bin/rails:9
  [1m[35m (0.2ms)[0m  [1m[34mSELECT "schema_migrations"."version" FROM "schema_migrations" ORDER BY "schema_migrations"."version" ASC[0m
  ↳ bin/rails:9
  [1m[35m (0.5ms)[0m  [1m[34mSELECT "schema_migrations"."version" FROM "schema_migrations" ORDER BY "schema_migrations"."version" ASC[0m
  ↳ bin/rails:9
  [1m[36mBrand Load (0.6ms)[0m  [1m[34mSELECT "brands".* FROM "brands"[0m
  ↳ db/seeds.rb:9
  [1m[35m (0.1ms)[0m  [1m[36mbegin transaction[0m
  ↳ db/seeds.rb:11
  [1m[36mBrand Create (1.0ms)[0m  [1m[32mINSERT INTO "brands" ("company_name", "founded", "hq", "ceo", "website", "slogan", "logo_url") VALUES (?, ?, ?, ?, ?, ?, ?)[0m  [["company_name", "Nike"], ["founded", 1964], ["hq", "Beaverton"], ["ceo", "Mark Parker"], ["website", "nike.com"], ["slogan", "Just Do It"], ["logo_url", "https://upload.wikimedia.org/wikipedia/commons/thumb/a/a6/Logo_NIKE.svg/1200px-Logo_NIKE.svg.png"]]
  ↳ db/seeds.rb:11
  [1m[35m (1.7ms)[0m  [1m[36mcommit transaction[0m
  ↳ db/seeds.rb:11
  [1m[35m (0.1ms)[0m  [1m[36mbegin transaction[0m
  ↳ db/seeds.rb:12
  [1m[36mBrand Create (0.6ms)[0m  [1m[32mINSERT INTO "brands" ("company_name", "founded", "hq", "ceo", "website", "slogan", "logo_url") VALUES (?, ?, ?, ?, ?, ?, ?)[0m  [["company_name", "adidas"], ["founded", 1949], ["hq", "Herzogenaurach"], ["ceo", "Kasper Rørsted"], ["website", "adidas.com"], ["slogan", "Die Marken Mit Die Drei Streifen"], ["logo_url", "https://upload.wikimedia.org/wikipedia/commons/thumb/2/20/Adidas_Logo.svg/1200px-Adidas_Logo.svg.png"]]
  ↳ db/seeds.rb:12
  [1m[35m (0.9ms)[0m  [1m[36mcommit transaction[0m
  ↳ db/seeds.rb:12
  [1m[35m (0.1ms)[0m  [1m[36mbegin transaction[0m
  ↳ db/seeds.rb:13
  [1m[36mBrand Create (0.5ms)[0m  [1m[32mINSERT INTO "brands" ("company_name", "founded", "hq", "ceo", "website", "slogan", "logo_url") VALUES (?, ?, ?, ?, ?, ?, ?)[0m  [["company_name", "Puma"], ["founded", 1948], ["hq", "Herzogenaurach"], ["ceo", "Bjørn Gulden"], ["website", "au.puma.com"], ["slogan", "Roar"], ["logo_url", "https://upload.wikimedia.org/wikipedia/en/thumb/4/49/Puma_AG.svg/1200px-Puma_AG.svg.png"]]
  ↳ db/seeds.rb:13
  [1m[35m (1.1ms)[0m  [1m[36mcommit transaction[0m
  ↳ db/seeds.rb:13
Started GET "/brands" for 127.0.0.1 at 2018-10-10 22:47:48 +1100
  [1m[35m (0.5ms)[0m  [1m[34mSELECT "schema_migrations"."version" FROM "schema_migrations" ORDER BY "schema_migrations"."version" ASC[0m
  ↳ /Users/yiannimoustakas/.rvm/gems/ruby-2.5.1/gems/activerecord-5.2.1/lib/active_record/log_subscriber.rb:98
Processing by BrandsController#index as HTML
  Rendering brands/index.html.erb within layouts/application
  [1m[36mBrand Load (1.2ms)[0m  [1m[34mSELECT "brands".* FROM "brands"[0m
  ↳ app/views/brands/index.html.erb:4
  Rendered brands/index.html.erb within layouts/application (30.7ms)
Completed 500 Internal Server Error in 1221ms (ActiveRecord: 2.9ms)


  
ActionView::Template::Error (undefined local variable or method `brands_new_path' for #<#<Class:0x00007fb649186378>:0x00007fb6491764a0>
Did you mean?  brands_path):
    13:     <h1>Brands Sponsoring Athletes</h1>
    14:     <nav>
    15:       | <%= link_to 'Brands Index', brands_path %> |
    16:       <%= link_to 'Create New Brand', brands_new_path %> |
    17:     </nav>
    18:     <hr>
    19:     <%= yield %>
  
app/views/layouts/application.html.erb:16:in `_app_views_layouts_application_html_erb___2116416942468387606_70210413354760'
Started GET "/brands" for 127.0.0.1 at 2018-10-10 22:48:40 +1100
Processing by BrandsController#index as HTML
  Rendering brands/index.html.erb within layouts/application
  [1m[36mBrand Load (1.0ms)[0m  [1m[34mSELECT "brands".* FROM "brands"[0m
  ↳ app/views/brands/index.html.erb:4
  Rendered brands/index.html.erb within layouts/application (8.8ms)
Completed 500 Internal Server Error in 776ms (ActiveRecord: 1.0ms)


  
ActionView::Template::Error (undefined local variable or method `brand_new_path' for #<#<Class:0x00007fb649186378>:0x00007fb64a43c698>
Did you mean?  brand_path
               brands_path):
    13:     <h1>Brands Sponsoring Athletes</h1>
    14:     <nav>
    15:       | <%= link_to 'Brands Index', brands_path %> |
    16:       <%= link_to 'Create New Brand', brand_new_path %> |
    17:     </nav>
    18:     <hr>
    19:     <%= yield %>
  
app/views/layouts/application.html.erb:16:in `_app_views_layouts_application_html_erb___2116416942468387606_70210453332340'
Started GET "/rails/info/routes" for 127.0.0.1 at 2018-10-10 22:49:03 +1100
Processing by Rails::InfoController#routes as HTML
  Rendering /Users/yiannimoustakas/.rvm/gems/ruby-2.5.1/gems/railties-5.2.1/lib/rails/templates/rails/info/routes.html.erb within layouts/application
  Rendered collection of /Users/yiannimoustakas/.rvm/gems/ruby-2.5.1/gems/actionpack-5.2.1/lib/action_dispatch/middleware/templates/routes/_route.html.erb [13 times] (14.0ms)
  Rendered /Users/yiannimoustakas/.rvm/gems/ruby-2.5.1/gems/actionpack-5.2.1/lib/action_dispatch/middleware/templates/routes/_table.html.erb (17.9ms)
  Rendered /Users/yiannimoustakas/.rvm/gems/ruby-2.5.1/gems/railties-5.2.1/lib/rails/templates/rails/info/routes.html.erb within layouts/application (46.3ms)
Completed 200 OK in 78ms (Views: 66.4ms | ActiveRecord: 0.0ms)


Started GET "/brands" for 127.0.0.1 at 2018-10-10 22:49:18 +1100
Processing by BrandsController#index as HTML
  Rendering brands/index.html.erb within layouts/application
  [1m[36mBrand Load (0.4ms)[0m  [1m[34mSELECT "brands".* FROM "brands"[0m
  ↳ app/views/brands/index.html.erb:4
  Rendered brands/index.html.erb within layouts/application (4.0ms)
Completed 200 OK in 48ms (Views: 39.6ms | ActiveRecord: 0.4ms)


Started GET "/brands/1" for 127.0.0.1 at 2018-10-10 22:49:20 +1100
Processing by BrandsController#show as HTML
  Parameters: {"id"=>"1"}
  [1m[36mBrand Load (0.5ms)[0m  [1m[34mSELECT  "brands".* FROM "brands" WHERE "brands"."id" = ? LIMIT ?[0m  [["id", 1], ["LIMIT", 1]]
  ↳ app/controllers/brands_controller.rb:18
  Rendering brands/show.html.erb within layouts/application
  Rendered brands/show.html.erb within layouts/application (192.5ms)
Completed 500 Internal Server Error in 213ms (ActiveRecord: 0.4ms)


  
ActionView::Template::Error (undefined method `brand_edit_path' for #<#<Class:0x00007fb649186378>:0x00007fb64a055a20>
Did you mean?  brand_path):
    1: <h2><%= @brand.company_name %></h2>
    2: 
    3: <%= link_to 'Edit This Brand', brand_edit_path(@brand) %>
    4: <%= link_to 'Delete This Brand', brand_delete_path(@brand), method: 'delete' %>
    5: 
    6: <p>Slogan: <%= @artist.slogan %></p> <br>
  
app/views/brands/show.html.erb:3:in `_app_views_brands_show_html_erb___4081408954873117579_70210451322860'
Started GET "/rails/info/routes" for 127.0.0.1 at 2018-10-10 22:49:35 +1100
Processing by Rails::InfoController#routes as HTML
  Rendering /Users/yiannimoustakas/.rvm/gems/ruby-2.5.1/gems/railties-5.2.1/lib/rails/templates/rails/info/routes.html.erb within layouts/application
  Rendered collection of /Users/yiannimoustakas/.rvm/gems/ruby-2.5.1/gems/actionpack-5.2.1/lib/action_dispatch/middleware/templates/routes/_route.html.erb [13 times] (9.5ms)
  Rendered /Users/yiannimoustakas/.rvm/gems/ruby-2.5.1/gems/actionpack-5.2.1/lib/action_dispatch/middleware/templates/routes/_table.html.erb (3.2ms)
  Rendered /Users/yiannimoustakas/.rvm/gems/ruby-2.5.1/gems/railties-5.2.1/lib/rails/templates/rails/info/routes.html.erb within layouts/application (33.7ms)
Completed 200 OK in 81ms (Views: 62.4ms | ActiveRecord: 0.0ms)


Started GET "/brands/1" for 127.0.0.1 at 2018-10-10 22:50:16 +1100
Processing by BrandsController#show as HTML
  Parameters: {"id"=>"1"}
  [1m[36mBrand Load (2.4ms)[0m  [1m[34mSELECT  "brands".* FROM "brands" WHERE "brands"."id" = ? LIMIT ?[0m  [["id", 1], ["LIMIT", 1]]
  ↳ app/controllers/brands_controller.rb:18
  Rendering brands/show.html.erb within layouts/application
  Rendered brands/show.html.erb within layouts/application (14.4ms)
Completed 500 Internal Server Error in 46ms (ActiveRecord: 2.4ms)


  
ActionView::Template::Error (undefined method `slogan' for nil:NilClass):
    3: <%= link_to 'Edit This Brand', edit_brand_path(@brand) %>
    4: <%= link_to 'Delete This Brand', brand_path(@brand), method: 'delete' %>
    5: 
    6: <p>Slogan: <%= @artist.slogan %></p> <br>
    7: <p>Founded: <%= @artist.founded %></p><br>
    8: <p>Headquarters: <%= @artist.hq %></p><br>
    9: <p>CEO: <%= @artist.ceo %></p><br>
  
app/views/brands/show.html.erb:6:in `_app_views_brands_show_html_erb___4081408954873117579_70210419411180'
Started GET "/brands/1" for 127.0.0.1 at 2018-10-10 22:50:30 +1100
Processing by BrandsController#show as HTML
  Parameters: {"id"=>"1"}
  [1m[36mBrand Load (0.3ms)[0m  [1m[34mSELECT  "brands".* FROM "brands" WHERE "brands"."id" = ? LIMIT ?[0m  [["id", 1], ["LIMIT", 1]]
  ↳ app/controllers/brands_controller.rb:18
  Rendering brands/show.html.erb within layouts/application
  Rendered brands/show.html.erb within layouts/application (1.8ms)
Completed 200 OK in 82ms (Views: 72.7ms | ActiveRecord: 0.3ms)


Started GET "/brands/1/edit" for 127.0.0.1 at 2018-10-10 22:50:32 +1100
Processing by BrandsController#edit as HTML
  Parameters: {"id"=>"1"}
  [1m[36mBrand Load (0.3ms)[0m  [1m[34mSELECT  "brands".* FROM "brands" WHERE "brands"."id" = ? LIMIT ?[0m  [["id", 1], ["LIMIT", 1]]
  ↳ app/controllers/brands_controller.rb:22
  Rendering brands/edit.html.erb within layouts/application
  Rendered brands/_form.html.erb (50.2ms)
  Rendered brands/edit.html.erb within layouts/application (55.8ms)
Completed 200 OK in 106ms (Views: 98.9ms | ActiveRecord: 0.3ms)


Started PATCH "/brands/1" for 127.0.0.1 at 2018-10-10 22:50:40 +1100
Processing by BrandsController#update as HTML
  Parameters: {"utf8"=>"✓", "authenticity_token"=>"aF9QC48aVSj+tW9RI2o8C6JWf/eqxF18HmJ5tSZ0tlMjTXsWkE1yR/CdgOUCaX/ECJNZylNFisKb7A7OiZYhOQ==", "brand"=>{"company_name"=>"Nike", "founded"=>"1964", "hq"=>"Beaverton", "ceo"=>"Mark Parker", "website"=>"nike.com", "slogan"=>"Just Doo It", "logo_url"=>"https://upload.wikimedia.org/wikipedia/commons/thumb/a/a6/Logo_NIKE.svg/1200px-Logo_NIKE.svg.png"}, "commit"=>"Update Brand", "id"=>"1"}
  [1m[36mBrand Load (0.3ms)[0m  [1m[34mSELECT  "brands".* FROM "brands" WHERE "brands"."id" = ? LIMIT ?[0m  [["id", 1], ["LIMIT", 1]]
  ↳ app/controllers/brands_controller.rb:26
  [1m[35m (0.2ms)[0m  [1m[36mbegin transaction[0m
  ↳ app/controllers/brands_controller.rb:27
  [1m[36mBrand Update (1.3ms)[0m  [1m[33mUPDATE "brands" SET "slogan" = ? WHERE "brands"."id" = ?[0m  [["slogan", "Just Doo It"], ["id", 1]]
  ↳ app/controllers/brands_controller.rb:27
  [1m[35m (2.9ms)[0m  [1m[36mcommit transaction[0m
  ↳ app/controllers/brands_controller.rb:27
Redirected to http://localhost:3000/brands/1
Completed 302 Found in 99ms (ActiveRecord: 4.6ms)


Started GET "/brands/1" for 127.0.0.1 at 2018-10-10 22:50:40 +1100
Processing by BrandsController#show as HTML
  Parameters: {"id"=>"1"}
  [1m[36mBrand Load (0.2ms)[0m  [1m[34mSELECT  "brands".* FROM "brands" WHERE "brands"."id" = ? LIMIT ?[0m  [["id", 1], ["LIMIT", 1]]
  ↳ app/controllers/brands_controller.rb:18
  Rendering brands/show.html.erb within layouts/application
  Rendered brands/show.html.erb within layouts/application (1.7ms)
Completed 200 OK in 186ms (Views: 161.1ms | ActiveRecord: 0.2ms)


Started GET "/brands/new" for 127.0.0.1 at 2018-10-10 22:50:44 +1100
Processing by BrandsController#new as HTML
  Rendering brands/new.html.erb within layouts/application
  Rendered brands/_form.html.erb (5.4ms)
  Rendered brands/new.html.erb within layouts/application (10.8ms)
Completed 200 OK in 50ms (Views: 43.7ms | ActiveRecord: 0.0ms)


Started POST "/brands" for 127.0.0.1 at 2018-10-10 22:50:54 +1100
Processing by BrandsController#create as HTML
  Parameters: {"utf8"=>"✓", "authenticity_token"=>"B/dzlDIsM8YOpT3pANZVNtOzAdVWyNkveQHIJwOSCgVM5ViJLXsUqQCN0l0h1Rb5eXYn6K9JDpH8j79crHCdbw==", "brand"=>{"company_name"=>"poo", "founded"=>"19", "hq"=>"poo", "ceo"=>"poo", "website"=>"poo", "slogan"=>"poo", "logo_url"=>"poo"}, "commit"=>"Create Brand"}
  [1m[35m (0.1ms)[0m  [1m[36mbegin transaction[0m
  ↳ app/controllers/brands_controller.rb:8
  [1m[36mBrand Create (2.4ms)[0m  [1m[32mINSERT INTO "brands" ("company_name", "founded", "hq", "ceo", "website", "slogan", "logo_url") VALUES (?, ?, ?, ?, ?, ?, ?)[0m  [["company_name", "poo"], ["founded", 19], ["hq", "poo"], ["ceo", "poo"], ["website", "poo"], ["slogan", "poo"], ["logo_url", "poo"]]
  ↳ app/controllers/brands_controller.rb:8
  [1m[35m (12.1ms)[0m  [1m[36mcommit transaction[0m
  ↳ app/controllers/brands_controller.rb:8
Redirected to http://localhost:3000/brands
Completed 302 Found in 27ms (ActiveRecord: 14.7ms)


Started GET "/brands" for 127.0.0.1 at 2018-10-10 22:50:54 +1100
Processing by BrandsController#index as HTML
  Rendering brands/index.html.erb within layouts/application
  [1m[36mBrand Load (0.7ms)[0m  [1m[34mSELECT "brands".* FROM "brands"[0m
  ↳ app/views/brands/index.html.erb:4
  Rendered brands/index.html.erb within layouts/application (7.3ms)
Completed 200 OK in 114ms (Views: 100.7ms | ActiveRecord: 0.7ms)


Started GET "/brands/4" for 127.0.0.1 at 2018-10-10 22:50:58 +1100
Processing by BrandsController#show as HTML
  Parameters: {"id"=>"4"}
  [1m[36mBrand Load (0.3ms)[0m  [1m[34mSELECT  "brands".* FROM "brands" WHERE "brands"."id" = ? LIMIT ?[0m  [["id", 4], ["LIMIT", 1]]
  ↳ app/controllers/brands_controller.rb:18
  Rendering brands/show.html.erb within layouts/application
  Rendered brands/show.html.erb within layouts/application (10.0ms)
Completed 500 Internal Server Error in 32ms (ActiveRecord: 0.3ms)


  
ActionView::Template::Error (The asset "poo" is not present in the asset pipeline.):
    10: <p>Website: <%= @brand.website %></p><br>
    11: <h4>Works</h4>
    12: 
    13: <%= image_tag @brand.logo_url, alt: @brand.company_name %>
  
app/views/brands/show.html.erb:13:in `_app_views_brands_show_html_erb___4081408954873117579_70210424846660'
Started GET "/brands/4" for 127.0.0.1 at 2018-10-10 22:52:16 +1100
Processing by BrandsController#show as HTML
  Parameters: {"id"=>"4"}
  [1m[36mBrand Load (0.4ms)[0m  [1m[34mSELECT  "brands".* FROM "brands" WHERE "brands"."id" = ? LIMIT ?[0m  [["id", 4], ["LIMIT", 1]]
  ↳ app/controllers/brands_controller.rb:18
  Rendering brands/show.html.erb within layouts/application
  Rendered brands/show.html.erb within layouts/application (10.4ms)
Completed 500 Internal Server Error in 39ms (ActiveRecord: 0.4ms)


  
ActionView::Template::Error (The asset "poo" is not present in the asset pipeline.):
    10: <p>Website: <%= @brand.website %></p><br>
    11: <h4>Works</h4>
    12: 
    13: <!-- <%= image_tag @brand.logo_url, alt: @brand.company_name %> -->
  
app/views/brands/show.html.erb:13:in `_app_views_brands_show_html_erb___4081408954873117579_70210415421940'
Started GET "/brands/4" for 127.0.0.1 at 2018-10-10 22:52:39 +1100
Processing by BrandsController#show as HTML
  Parameters: {"id"=>"4"}
  [1m[36mBrand Load (0.7ms)[0m  [1m[34mSELECT  "brands".* FROM "brands" WHERE "brands"."id" = ? LIMIT ?[0m  [["id", 4], ["LIMIT", 1]]
  ↳ app/controllers/brands_controller.rb:18
  Rendering brands/show.html.erb within layouts/application
  Rendered brands/show.html.erb within layouts/application (2.9ms)
Completed 200 OK in 68ms (Views: 54.1ms | ActiveRecord: 0.7ms)


Started DELETE "/brands/4" for 127.0.0.1 at 2018-10-10 22:52:43 +1100
Processing by BrandsController#destroy as HTML
  Parameters: {"authenticity_token"=>"DmVirN7jHWYNx5eynRW/VMJuILbvG8ieF6BLKc4Lt8NFd0mxwbQ6CQPveAa8FvybaKsGixaaHyCSLjxSYekgqQ==", "id"=>"4"}
  [1m[36mBrand Load (0.2ms)[0m  [1m[34mSELECT  "brands".* FROM "brands" WHERE "brands"."id" = ? LIMIT ?[0m  [["id", 4], ["LIMIT", 1]]
  ↳ app/controllers/brands_controller.rb:33
  [1m[35m (0.3ms)[0m  [1m[36mbegin transaction[0m
  ↳ app/controllers/brands_controller.rb:34
  [1m[36mBrand Destroy (0.7ms)[0m  [1m[31mDELETE FROM "brands" WHERE "brands"."id" = ?[0m  [["id", 4]]
  ↳ app/controllers/brands_controller.rb:34
  [1m[35m (2.1ms)[0m  [1m[36mcommit transaction[0m
  ↳ app/controllers/brands_controller.rb:34
Redirected to http://localhost:3000/brands
Completed 302 Found in 12ms (ActiveRecord: 3.3ms)


Started GET "/brands" for 127.0.0.1 at 2018-10-10 22:52:43 +1100
Processing by BrandsController#index as HTML
  Rendering brands/index.html.erb within layouts/application
  [1m[36mBrand Load (1.3ms)[0m  [1m[34mSELECT "brands".* FROM "brands"[0m
  ↳ app/views/brands/index.html.erb:4
  Rendered brands/index.html.erb within layouts/application (6.2ms)
Completed 200 OK in 185ms (Views: 174.0ms | ActiveRecord: 1.3ms)


Started GET "/brands/3" for 127.0.0.1 at 2018-10-10 22:52:50 +1100
Processing by BrandsController#show as HTML
  Parameters: {"id"=>"3"}
  [1m[36mBrand Load (0.4ms)[0m  [1m[34mSELECT  "brands".* FROM "brands" WHERE "brands"."id" = ? LIMIT ?[0m  [["id", 3], ["LIMIT", 1]]
  ↳ app/controllers/brands_controller.rb:18
  Rendering brands/show.html.erb within layouts/application
  Rendered brands/show.html.erb within layouts/application (2.6ms)
Completed 200 OK in 53ms (Views: 46.5ms | ActiveRecord: 0.4ms)


Started GET "/brands" for 127.0.0.1 at 2018-10-10 22:52:59 +1100
Processing by BrandsController#index as HTML
  Rendering brands/index.html.erb within layouts/application
  [1m[36mBrand Load (0.6ms)[0m  [1m[34mSELECT "brands".* FROM "brands"[0m
  ↳ app/views/brands/index.html.erb:4
  Rendered brands/index.html.erb within layouts/application (4.7ms)
Completed 200 OK in 62ms (Views: 56.1ms | ActiveRecord: 0.6ms)


Started GET "/brands/1" for 127.0.0.1 at 2018-10-10 22:53:01 +1100
Processing by BrandsController#show as HTML
  Parameters: {"id"=>"1"}
  [1m[36mBrand Load (0.2ms)[0m  [1m[34mSELECT  "brands".* FROM "brands" WHERE "brands"."id" = ? LIMIT ?[0m  [["id", 1], ["LIMIT", 1]]
  ↳ app/controllers/brands_controller.rb:18
  Rendering brands/show.html.erb within layouts/application
  Rendered brands/show.html.erb within layouts/application (1.6ms)
Completed 200 OK in 54ms (Views: 48.2ms | ActiveRecord: 0.2ms)


Started GET "/brands/1/edit" for 127.0.0.1 at 2018-10-10 22:53:02 +1100
Processing by BrandsController#edit as HTML
  Parameters: {"id"=>"1"}
  [1m[36mBrand Load (0.3ms)[0m  [1m[34mSELECT  "brands".* FROM "brands" WHERE "brands"."id" = ? LIMIT ?[0m  [["id", 1], ["LIMIT", 1]]
  ↳ app/controllers/brands_controller.rb:22
  Rendering brands/edit.html.erb within layouts/application
  Rendered brands/_form.html.erb (12.8ms)
  Rendered brands/edit.html.erb within layouts/application (21.1ms)
Completed 200 OK in 71ms (Views: 65.0ms | ActiveRecord: 0.3ms)


Started PATCH "/brands/1" for 127.0.0.1 at 2018-10-10 22:53:09 +1100
Processing by BrandsController#update as HTML
  Parameters: {"utf8"=>"✓", "authenticity_token"=>"QvYu2i+px/IATwYCLOdZBYptqlF66Jpym+vJNUDMOjUJ5AXHMP7gnQ5n6bYN5BrKIKiMbINpTcweZb5O7y6tXw==", "brand"=>{"company_name"=>"Nike", "founded"=>"1964", "hq"=>"Beaverton", "ceo"=>"Mark Parker", "website"=>"nike.com", "slogan"=>"Just Do It", "logo_url"=>"https://upload.wikimedia.org/wikipedia/commons/thumb/a/a6/Logo_NIKE.svg/1200px-Logo_NIKE.svg.png"}, "commit"=>"Update Brand", "id"=>"1"}
  [1m[36mBrand Load (0.3ms)[0m  [1m[34mSELECT  "brands".* FROM "brands" WHERE "brands"."id" = ? LIMIT ?[0m  [["id", 1], ["LIMIT", 1]]
  ↳ app/controllers/brands_controller.rb:26
  [1m[35m (0.1ms)[0m  [1m[36mbegin transaction[0m
  ↳ app/controllers/brands_controller.rb:27
  [1m[36mBrand Update (0.7ms)[0m  [1m[33mUPDATE "brands" SET "slogan" = ? WHERE "brands"."id" = ?[0m  [["slogan", "Just Do It"], ["id", 1]]
  ↳ app/controllers/brands_controller.rb:27
  [1m[35m (2.3ms)[0m  [1m[36mcommit transaction[0m
  ↳ app/controllers/brands_controller.rb:27
Redirected to http://localhost:3000/brands/1
Completed 302 Found in 17ms (ActiveRecord: 3.4ms)


Started GET "/brands/1" for 127.0.0.1 at 2018-10-10 22:53:09 +1100
Processing by BrandsController#show as HTML
  Parameters: {"id"=>"1"}
  [1m[36mBrand Load (0.4ms)[0m  [1m[34mSELECT  "brands".* FROM "brands" WHERE "brands"."id" = ? LIMIT ?[0m  [["id", 1], ["LIMIT", 1]]
  ↳ app/controllers/brands_controller.rb:18
  Rendering brands/show.html.erb within layouts/application
  Rendered brands/show.html.erb within layouts/application (4.8ms)
Completed 200 OK in 89ms (Views: 79.5ms | ActiveRecord: 0.4ms)


Started GET "/" for 127.0.0.1 at 2018-10-11 09:01:45 +1100
  [1m[35m (0.4ms)[0m  [1m[34mSELECT "schema_migrations"."version" FROM "schema_migrations" ORDER BY "schema_migrations"."version" ASC[0m
  ↳ /Users/yiannimoustakas/.rvm/gems/ruby-2.5.1/gems/activerecord-5.2.1/lib/active_record/log_subscriber.rb:98
  
ActiveRecord::PendingMigrationError (

Migrations are pending. To resolve this issue, run:

        bin/rails db:migrate RAILS_ENV=development

):
  
activerecord (5.2.1) lib/active_record/migration.rb:579:in `check_pending!'
activerecord (5.2.1) lib/active_record/migration.rb:556:in `call'
actionpack (5.2.1) lib/action_dispatch/middleware/callbacks.rb:28:in `block in call'
activesupport (5.2.1) lib/active_support/callbacks.rb:98:in `run_callbacks'
actionpack (5.2.1) lib/action_dispatch/middleware/callbacks.rb:26:in `call'
actionpack (5.2.1) lib/action_dispatch/middleware/executor.rb:14:in `call'
actionpack (5.2.1) lib/action_dispatch/middleware/debug_exceptions.rb:61:in `call'
web-console (3.7.0) lib/web_console/middleware.rb:135:in `call_app'
web-console (3.7.0) lib/web_console/middleware.rb:30:in `block in call'
web-console (3.7.0) lib/web_console/middleware.rb:20:in `catch'
web-console (3.7.0) lib/web_console/middleware.rb:20:in `call'
actionpack (5.2.1) lib/action_dispatch/middleware/show_exceptions.rb:33:in `call'
railties (5.2.1) lib/rails/rack/logger.rb:38:in `call_app'
railties (5.2.1) lib/rails/rack/logger.rb:26:in `block in call'
activesupport (5.2.1) lib/active_support/tagged_logging.rb:71:in `block in tagged'
activesupport (5.2.1) lib/active_support/tagged_logging.rb:28:in `tagged'
activesupport (5.2.1) lib/active_support/tagged_logging.rb:71:in `tagged'
railties (5.2.1) lib/rails/rack/logger.rb:26:in `call'
sprockets-rails (3.2.1) lib/sprockets/rails/quiet_assets.rb:13:in `call'
actionpack (5.2.1) lib/action_dispatch/middleware/remote_ip.rb:81:in `call'
actionpack (5.2.1) lib/action_dispatch/middleware/request_id.rb:27:in `call'
rack (2.0.5) lib/rack/method_override.rb:22:in `call'
rack (2.0.5) lib/rack/runtime.rb:22:in `call'
activesupport (5.2.1) lib/active_support/cache/strategy/local_cache_middleware.rb:29:in `call'
actionpack (5.2.1) lib/action_dispatch/middleware/executor.rb:14:in `call'
actionpack (5.2.1) lib/action_dispatch/middleware/static.rb:127:in `call'
rack (2.0.5) lib/rack/sendfile.rb:111:in `call'
railties (5.2.1) lib/rails/engine.rb:524:in `call'
puma (3.12.0) lib/puma/configuration.rb:225:in `call'
puma (3.12.0) lib/puma/server.rb:658:in `handle_request'
puma (3.12.0) lib/puma/server.rb:472:in `process_client'
puma (3.12.0) lib/puma/server.rb:332:in `block in run'
puma (3.12.0) lib/puma/thread_pool.rb:133:in `block in spawn_thread'
