  [1m[35m (0.2ms)[0m  [1m[34mSELECT sqlite_version(*)[0m
  ↳ bin/rails:9
  [1m[35m (1.8ms)[0m  [1m[35mCREATE TABLE "schema_migrations" ("version" varchar NOT NULL PRIMARY KEY)[0m
  ↳ bin/rails:9
  [1m[35m (1.4ms)[0m  [1m[35mCREATE TABLE "ar_internal_metadata" ("key" varchar NOT NULL PRIMARY KEY, "value" varchar, "created_at" datetime NOT NULL, "updated_at" datetime NOT NULL)[0m
  ↳ bin/rails:9
  [1m[35m (0.2ms)[0m  [1m[34mSELECT "schema_migrations"."version" FROM "schema_migrations" ORDER BY "schema_migrations"."version" ASC[0m
  ↳ bin/rails:9
Migrating to CreateAuthors (20181010105030)
  [1m[35m (0.1ms)[0m  [1m[36mbegin transaction[0m
  ↳ bin/rails:9
  [1m[35m (0.5ms)[0m  [1m[35mCREATE TABLE "authors" ("id" integer PRIMARY KEY AUTOINCREMENT NOT NULL, "name" text, "country" text, "dob" date, "genre" text, "image" text, "created_at" datetime NOT NULL, "updated_at" datetime NOT NULL)[0m
  ↳ db/migrate/20181010105030_create_authors.rb:3
  [1m[36mActiveRecord::SchemaMigration Create (0.3ms)[0m  [1m[32mINSERT INTO "schema_migrations" ("version") VALUES (?)[0m  [["version", "20181010105030"]]
  ↳ bin/rails:9
  [1m[35m (1.0ms)[0m  [1m[36mcommit transaction[0m
  ↳ bin/rails:9
  [1m[36mActiveRecord::InternalMetadata Load (0.2ms)[0m  [1m[34mSELECT  "ar_internal_metadata".* FROM "ar_internal_metadata" WHERE "ar_internal_metadata"."key" = ? LIMIT ?[0m  [["key", "environment"], ["LIMIT", 1]]
  ↳ bin/rails:9
  [1m[35m (0.0ms)[0m  [1m[36mbegin transaction[0m
  ↳ bin/rails:9
  [1m[36mActiveRecord::InternalMetadata Create (0.3ms)[0m  [1m[32mINSERT INTO "ar_internal_metadata" ("key", "value", "created_at", "updated_at") VALUES (?, ?, ?, ?)[0m  [["key", "environment"], ["value", "development"], ["created_at", "2018-10-10 10:50:44.751078"], ["updated_at", "2018-10-10 10:50:44.751078"]]
  ↳ bin/rails:9
  [1m[35m (1.0ms)[0m  [1m[36mcommit transaction[0m
  ↳ bin/rails:9
  [1m[35m (0.1ms)[0m  [1m[34mSELECT "schema_migrations"."version" FROM "schema_migrations" ORDER BY "schema_migrations"."version" ASC[0m
  ↳ bin/rails:9
  [1m[35m (0.1ms)[0m  [1m[34mSELECT "schema_migrations"."version" FROM "schema_migrations" ORDER BY "schema_migrations"."version" ASC[0m
  ↳ bin/rails:9
  [1m[36mAuthor Load (0.1ms)[0m  [1m[34mSELECT "authors".* FROM "authors"[0m
  ↳ db/seeds.rb:8
  [1m[35m (0.1ms)[0m  [1m[36mbegin transaction[0m
  ↳ db/seeds.rb:10
  [1m[36mAuthor Create (0.5ms)[0m  [1m[32mINSERT INTO "authors" ("name", "country", "dob", "genre", "image", "created_at", "updated_at") VALUES (?, ?, ?, ?, ?, ?, ?)[0m  [["name", "George Orwell"], ["country", "English"], ["dob", "1950-06-25"], ["genre", "Dystopia"], ["image", "https://upload.wikimedia.org/wikipedia/commons/7/7e/George_Orwell_press_photo.jpg"], ["created_at", "2018-10-10 10:56:38.648661"], ["updated_at", "2018-10-10 10:56:38.648661"]]
  ↳ db/seeds.rb:10
  [1m[35m (0.8ms)[0m  [1m[36mcommit transaction[0m
  ↳ db/seeds.rb:10
  [1m[35m (0.0ms)[0m  [1m[36mbegin transaction[0m
  ↳ db/seeds.rb:11
  [1m[36mAuthor Create (0.3ms)[0m  [1m[32mINSERT INTO "authors" ("name", "country", "dob", "genre", "image", "created_at", "updated_at") VALUES (?, ?, ?, ?, ?, ?, ?)[0m  [["name", "Albert Camus"], ["country", "French"], ["dob", "1913-11-07"], ["genre", "Philosophy, Absurdism"], ["image", "https://upload.wikimedia.org/wikipedia/commons/0/08/Albert_Camus%2C_gagnant_de_prix_Nobel%2C_portrait_en_buste%2C_pos%C3%A9_au_bureau%2C_faisant_face_%C3%A0_gauche%2C_cigarette_de_tabagisme.jpg"], ["created_at", "2018-10-10 10:56:38.651861"], ["updated_at", "2018-10-10 10:56:38.651861"]]
  ↳ db/seeds.rb:11
  [1m[35m (0.7ms)[0m  [1m[36mcommit transaction[0m
  ↳ db/seeds.rb:11
  [1m[35m (0.0ms)[0m  [1m[36mbegin transaction[0m
  ↳ db/seeds.rb:12
  [1m[36mAuthor Create (0.3ms)[0m  [1m[32mINSERT INTO "authors" ("name", "country", "dob", "genre", "image", "created_at", "updated_at") VALUES (?, ?, ?, ?, ?, ?, ?)[0m  [["name", "John Steinbeck"], ["country", "American"], ["dob", "1902-02-27"], ["genre", "Themes of fate and injustice"], ["image", "https://upload.wikimedia.org/wikipedia/commons/e/e7/John_Steinbeck_1962.jpg"], ["created_at", "2018-10-10 10:56:38.654076"], ["updated_at", "2018-10-10 10:56:38.654076"]]
  ↳ db/seeds.rb:12
  [1m[35m (0.8ms)[0m  [1m[36mcommit transaction[0m
  ↳ db/seeds.rb:12
  [1m[35m (0.0ms)[0m  [1m[36mbegin transaction[0m
  ↳ db/seeds.rb:13
  [1m[36mAuthor Create (0.3ms)[0m  [1m[32mINSERT INTO "authors" ("name", "country", "dob", "genre", "image", "created_at", "updated_at") VALUES (?, ?, ?, ?, ?, ?, ?)[0m  [["name", "J. R. R. Tolkien"], ["country", "English"], ["dob", "1892-01-03"], ["genre", "Fantasy, High Fantasy"], ["image", "https://upload.wikimedia.org/wikipedia/commons/b/b4/Tolkien_1916.jpg"], ["created_at", "2018-10-10 10:56:38.656232"], ["updated_at", "2018-10-10 10:56:38.656232"]]
  ↳ db/seeds.rb:13
  [1m[35m (0.8ms)[0m  [1m[36mcommit transaction[0m
  ↳ db/seeds.rb:13
Started GET "/rails/info/routes" for 127.0.0.1 at 2018-10-10 22:17:01 +1100
  [1m[35m (0.1ms)[0m  [1m[34mSELECT "schema_migrations"."version" FROM "schema_migrations" ORDER BY "schema_migrations"."version" ASC[0m
  ↳ /Users/andy/.rvm/gems/ruby-2.5.1/gems/activerecord-5.2.1/lib/active_record/log_subscriber.rb:98
Processing by Rails::InfoController#routes as HTML
  Rendering /Users/andy/.rvm/gems/ruby-2.5.1/gems/railties-5.2.1/lib/rails/templates/rails/info/routes.html.erb within layouts/application
  Rendered collection of /Users/andy/.rvm/gems/ruby-2.5.1/gems/actionpack-5.2.1/lib/action_dispatch/middleware/templates/routes/_route.html.erb [13 times] (7.9ms)
  Rendered /Users/andy/.rvm/gems/ruby-2.5.1/gems/actionpack-5.2.1/lib/action_dispatch/middleware/templates/routes/_table.html.erb (10.7ms)
  Rendered /Users/andy/.rvm/gems/ruby-2.5.1/gems/railties-5.2.1/lib/rails/templates/rails/info/routes.html.erb within layouts/application (28.7ms)
Completed 200 OK in 53ms (Views: 45.0ms | ActiveRecord: 0.0ms)


Started GET "/secret" for 127.0.0.1 at 2018-10-10 22:21:19 +1100
Started GET "/" for 127.0.0.1 at 2018-10-10 22:21:30 +1100
  
ActionController::RoutingError (No route matches [GET] "/secret"):
  
actionpack (5.2.1) lib/action_dispatch/middleware/debug_exceptions.rb:65:in `call'
web-console (3.7.0) lib/web_console/middleware.rb:135:in `call_app'
web-console (3.7.0) lib/web_console/middleware.rb:30:in `block in call'
web-console (3.7.0) lib/web_console/middleware.rb:20:in `catch'
web-console (3.7.0) lib/web_console/middleware.rb:20:in `call'
actionpack (5.2.1) lib/action_dispatch/middleware/show_exceptions.rb:33:in `call'
railties (5.2.1) lib/rails/rack/logger.rb:38:in `call_app'
railties (5.2.1) lib/rails/rack/logger.rb:26:in `block in call'
activesupport (5.2.1) lib/active_support/tagged_logging.rb:71:in `block in tagged'
activesupport (5.2.1) lib/active_support/tagged_logging.rb:28:in `tagged'
activesupport (5.2.1) lib/active_support/tagged_logging.rb:71:in `tagged'
railties (5.2.1) lib/rails/rack/logger.rb:26:in `call'
sprockets-rails (3.2.1) lib/sprockets/rails/quiet_assets.rb:13:in `call'
actionpack (5.2.1) lib/action_dispatch/middleware/remote_ip.rb:81:in `call'
actionpack (5.2.1) lib/action_dispatch/middleware/request_id.rb:27:in `call'
rack (2.0.5) lib/rack/method_override.rb:22:in `call'
rack (2.0.5) lib/rack/runtime.rb:22:in `call'
activesupport (5.2.1) lib/active_support/cache/strategy/local_cache_middleware.rb:29:in `call'
actionpack (5.2.1) lib/action_dispatch/middleware/executor.rb:14:in `call'
actionpack (5.2.1) lib/action_dispatch/middleware/static.rb:127:in `call'
rack (2.0.5) lib/rack/sendfile.rb:111:in `call'
railties (5.2.1) lib/rails/engine.rb:524:in `call'
puma (3.12.0) lib/puma/configuration.rb:225:in `call'
puma (3.12.0) lib/puma/server.rb:658:in `handle_request'
puma (3.12.0) lib/puma/server.rb:472:in `process_client'
puma (3.12.0) lib/puma/server.rb:332:in `block in run'
puma (3.12.0) lib/puma/thread_pool.rb:133:in `block in spawn_thread'
Started GET "/index" for 127.0.0.1 at 2018-10-10 22:21:30 +1100
  
ActionController::RoutingError (No route matches [GET] "/index"):
  
actionpack (5.2.1) lib/action_dispatch/middleware/debug_exceptions.rb:65:in `call'
web-console (3.7.0) lib/web_console/middleware.rb:135:in `call_app'
web-console (3.7.0) lib/web_console/middleware.rb:30:in `block in call'
web-console (3.7.0) lib/web_console/middleware.rb:20:in `catch'
web-console (3.7.0) lib/web_console/middleware.rb:20:in `call'
actionpack (5.2.1) lib/action_dispatch/middleware/show_exceptions.rb:33:in `call'
railties (5.2.1) lib/rails/rack/logger.rb:38:in `call_app'
railties (5.2.1) lib/rails/rack/logger.rb:26:in `block in call'
activesupport (5.2.1) lib/active_support/tagged_logging.rb:71:in `block in tagged'
activesupport (5.2.1) lib/active_support/tagged_logging.rb:28:in `tagged'
activesupport (5.2.1) lib/active_support/tagged_logging.rb:71:in `tagged'
railties (5.2.1) lib/rails/rack/logger.rb:26:in `call'
sprockets-rails (3.2.1) lib/sprockets/rails/quiet_assets.rb:13:in `call'
actionpack (5.2.1) lib/action_dispatch/middleware/remote_ip.rb:81:in `call'
actionpack (5.2.1) lib/action_dispatch/middleware/request_id.rb:27:in `call'
rack (2.0.5) lib/rack/method_override.rb:22:in `call'
rack (2.0.5) lib/rack/runtime.rb:22:in `call'
activesupport (5.2.1) lib/active_support/cache/strategy/local_cache_middleware.rb:29:in `call'
actionpack (5.2.1) lib/action_dispatch/middleware/executor.rb:14:in `call'
actionpack (5.2.1) lib/action_dispatch/middleware/static.rb:127:in `call'
rack (2.0.5) lib/rack/sendfile.rb:111:in `call'
railties (5.2.1) lib/rails/engine.rb:524:in `call'
puma (3.12.0) lib/puma/configuration.rb:225:in `call'
puma (3.12.0) lib/puma/server.rb:658:in `handle_request'
puma (3.12.0) lib/puma/server.rb:472:in `process_client'
puma (3.12.0) lib/puma/server.rb:332:in `block in run'
puma (3.12.0) lib/puma/thread_pool.rb:133:in `block in spawn_thread'
Processing by Rails::WelcomeController#index as HTML
  Rendering /Users/andy/.rvm/gems/ruby-2.5.1/gems/railties-5.2.1/lib/rails/templates/rails/welcome/index.html.erb
  Rendered /Users/andy/.rvm/gems/ruby-2.5.1/gems/railties-5.2.1/lib/rails/templates/rails/welcome/index.html.erb (2.3ms)
Completed 200 OK in 9ms (Views: 5.9ms | ActiveRecord: 0.0ms)


Started GET "/authors" for 127.0.0.1 at 2018-10-10 22:21:44 +1100
Processing by AuthorsController#index as HTML
  Rendering authors/index.html.erb within layouts/application
  Rendered authors/index.html.erb within layouts/application (0.6ms)
Completed 500 Internal Server Error in 15ms (ActiveRecord: 0.0ms)


  
SyntaxError (/Users/andy/wdi/homework/andy_lau/week5/authors-db/app/views/authors/index.html.erb:12: syntax error, unexpected end-of-input, expecting keyword_end
          end
             ^):
  
app/views/authors/index.html.erb:12: syntax error, unexpected end-of-input, expecting keyword_end
Started GET "/authors" for 127.0.0.1 at 2018-10-10 22:23:03 +1100
Processing by AuthorsController#index as HTML
  Rendering authors/index.html.erb within layouts/application
  Rendered authors/index.html.erb within layouts/application (0.6ms)
Completed 500 Internal Server Error in 12ms (ActiveRecord: 0.0ms)


  
SyntaxError (/Users/andy/wdi/homework/andy_lau/week5/authors-db/app/views/authors/index.html.erb:12: syntax error, unexpected end-of-input, expecting keyword_end
          end
             ^):
  
app/views/authors/index.html.erb:12: syntax error, unexpected end-of-input, expecting keyword_end
Started GET "/authors" for 127.0.0.1 at 2018-10-10 22:23:26 +1100
Processing by AuthorsController#index as HTML
  Rendering authors/index.html.erb within layouts/application
  [1m[36mAuthor Load (0.2ms)[0m  [1m[34mSELECT "authors".* FROM "authors"[0m
  ↳ app/views/authors/index.html.erb:3
  Rendered authors/index.html.erb within layouts/application (19.5ms)
Completed 200 OK in 295ms (Views: 291.3ms | ActiveRecord: 0.8ms)


Started GET "/authors/4" for 127.0.0.1 at 2018-10-10 22:23:28 +1100
Processing by AuthorsController#show as HTML
  Parameters: {"id"=>"4"}
Completed 406 Not Acceptable in 144ms (ActiveRecord: 0.0ms)


  
ActionController::UnknownFormat (AuthorsController#show is missing a template for this request format and variant.

request.formats: ["text/html"]
request.variant: []

NOTE! For XHR/Ajax or API requests, this action would normally respond with 204 No Content: an empty white screen. Since you're loading it in a web browser, we assume that you expected to actually render a template, not nothing, so we're showing an error to be extra-clear. If you expect 204 No Content, carry on. That's what you'll get from an XHR or API request. Give it a shot.):
  
actionpack (5.2.1) lib/action_controller/metal/implicit_render.rb:55:in `default_render'
actionpack (5.2.1) lib/action_controller/metal/basic_implicit_render.rb:6:in `block in send_action'
actionpack (5.2.1) lib/action_controller/metal/basic_implicit_render.rb:6:in `tap'
actionpack (5.2.1) lib/action_controller/metal/basic_implicit_render.rb:6:in `send_action'
actionpack (5.2.1) lib/abstract_controller/base.rb:194:in `process_action'
actionpack (5.2.1) lib/action_controller/metal/rendering.rb:30:in `process_action'
actionpack (5.2.1) lib/abstract_controller/callbacks.rb:42:in `block in process_action'
activesupport (5.2.1) lib/active_support/callbacks.rb:132:in `run_callbacks'
actionpack (5.2.1) lib/abstract_controller/callbacks.rb:41:in `process_action'
actionpack (5.2.1) lib/action_controller/metal/rescue.rb:22:in `process_action'
actionpack (5.2.1) lib/action_controller/metal/instrumentation.rb:34:in `block in process_action'
activesupport (5.2.1) lib/active_support/notifications.rb:168:in `block in instrument'
activesupport (5.2.1) lib/active_support/notifications/instrumenter.rb:23:in `instrument'
activesupport (5.2.1) lib/active_support/notifications.rb:168:in `instrument'
actionpack (5.2.1) lib/action_controller/metal/instrumentation.rb:32:in `process_action'
actionpack (5.2.1) lib/action_controller/metal/params_wrapper.rb:256:in `process_action'
activerecord (5.2.1) lib/active_record/railties/controller_runtime.rb:24:in `process_action'
actionpack (5.2.1) lib/abstract_controller/base.rb:134:in `process'
actionview (5.2.1) lib/action_view/rendering.rb:32:in `process'
actionpack (5.2.1) lib/action_controller/metal.rb:191:in `dispatch'
actionpack (5.2.1) lib/action_controller/metal.rb:252:in `dispatch'
actionpack (5.2.1) lib/action_dispatch/routing/route_set.rb:52:in `dispatch'
actionpack (5.2.1) lib/action_dispatch/routing/route_set.rb:34:in `serve'
actionpack (5.2.1) lib/action_dispatch/journey/router.rb:52:in `block in serve'
actionpack (5.2.1) lib/action_dispatch/journey/router.rb:35:in `each'
actionpack (5.2.1) lib/action_dispatch/journey/router.rb:35:in `serve'
actionpack (5.2.1) lib/action_dispatch/routing/route_set.rb:840:in `call'
rack (2.0.5) lib/rack/tempfile_reaper.rb:15:in `call'
rack (2.0.5) lib/rack/etag.rb:25:in `call'
rack (2.0.5) lib/rack/conditional_get.rb:25:in `call'
rack (2.0.5) lib/rack/head.rb:12:in `call'
actionpack (5.2.1) lib/action_dispatch/http/content_security_policy.rb:18:in `call'
rack (2.0.5) lib/rack/session/abstract/id.rb:232:in `context'
rack (2.0.5) lib/rack/session/abstract/id.rb:226:in `call'
actionpack (5.2.1) lib/action_dispatch/middleware/cookies.rb:670:in `call'
activerecord (5.2.1) lib/active_record/migration.rb:559:in `call'
actionpack (5.2.1) lib/action_dispatch/middleware/callbacks.rb:28:in `block in call'
activesupport (5.2.1) lib/active_support/callbacks.rb:98:in `run_callbacks'
actionpack (5.2.1) lib/action_dispatch/middleware/callbacks.rb:26:in `call'
actionpack (5.2.1) lib/action_dispatch/middleware/executor.rb:14:in `call'
actionpack (5.2.1) lib/action_dispatch/middleware/debug_exceptions.rb:61:in `call'
web-console (3.7.0) lib/web_console/middleware.rb:135:in `call_app'
web-console (3.7.0) lib/web_console/middleware.rb:30:in `block in call'
web-console (3.7.0) lib/web_console/middleware.rb:20:in `catch'
web-console (3.7.0) lib/web_console/middleware.rb:20:in `call'
actionpack (5.2.1) lib/action_dispatch/middleware/show_exceptions.rb:33:in `call'
railties (5.2.1) lib/rails/rack/logger.rb:38:in `call_app'
railties (5.2.1) lib/rails/rack/logger.rb:26:in `block in call'
activesupport (5.2.1) lib/active_support/tagged_logging.rb:71:in `block in tagged'
activesupport (5.2.1) lib/active_support/tagged_logging.rb:28:in `tagged'
activesupport (5.2.1) lib/active_support/tagged_logging.rb:71:in `tagged'
railties (5.2.1) lib/rails/rack/logger.rb:26:in `call'
sprockets-rails (3.2.1) lib/sprockets/rails/quiet_assets.rb:13:in `call'
actionpack (5.2.1) lib/action_dispatch/middleware/remote_ip.rb:81:in `call'
actionpack (5.2.1) lib/action_dispatch/middleware/request_id.rb:27:in `call'
rack (2.0.5) lib/rack/method_override.rb:22:in `call'
rack (2.0.5) lib/rack/runtime.rb:22:in `call'
activesupport (5.2.1) lib/active_support/cache/strategy/local_cache_middleware.rb:29:in `call'
actionpack (5.2.1) lib/action_dispatch/middleware/executor.rb:14:in `call'
actionpack (5.2.1) lib/action_dispatch/middleware/static.rb:127:in `call'
rack (2.0.5) lib/rack/sendfile.rb:111:in `call'
railties (5.2.1) lib/rails/engine.rb:524:in `call'
puma (3.12.0) lib/puma/configuration.rb:225:in `call'
puma (3.12.0) lib/puma/server.rb:658:in `handle_request'
puma (3.12.0) lib/puma/server.rb:472:in `process_client'
puma (3.12.0) lib/puma/server.rb:332:in `block in run'
puma (3.12.0) lib/puma/thread_pool.rb:133:in `block in spawn_thread'
Started GET "/authors" for 127.0.0.1 at 2018-10-10 22:26:21 +1100
Processing by AuthorsController#index as HTML
  Rendering authors/index.html.erb within layouts/application
  [1m[36mAuthor Load (0.2ms)[0m  [1m[34mSELECT "authors".* FROM "authors"[0m
  ↳ app/views/authors/index.html.erb:3
  Rendered authors/index.html.erb within layouts/application (8.6ms)
Completed 200 OK in 29ms (Views: 24.9ms | ActiveRecord: 0.8ms)


Started GET "/authors/4" for 127.0.0.1 at 2018-10-10 22:26:22 +1100
Processing by AuthorsController#show as HTML
  Parameters: {"id"=>"4"}
  [1m[36mAuthor Load (0.2ms)[0m  [1m[34mSELECT  "authors".* FROM "authors" WHERE "authors"."id" = ? LIMIT ?[0m  [["id", 4], ["LIMIT", 1]]
  ↳ app/controllers/authors_controller.rb:14
  Rendering authors/show.html.erb within layouts/application
  Rendered authors/show.html.erb within layouts/application (0.7ms)
Completed 200 OK in 48ms (Views: 19.0ms | ActiveRecord: 0.2ms)


Started GET "/authors/1" for 127.0.0.1 at 2018-10-10 22:26:24 +1100
Processing by AuthorsController#show as HTML
  Parameters: {"id"=>"1"}
  [1m[36mAuthor Load (0.1ms)[0m  [1m[34mSELECT  "authors".* FROM "authors" WHERE "authors"."id" = ? LIMIT ?[0m  [["id", 1], ["LIMIT", 1]]
  ↳ app/controllers/authors_controller.rb:14
  Rendering authors/show.html.erb within layouts/application
  Rendered authors/show.html.erb within layouts/application (0.6ms)
Completed 200 OK in 24ms (Views: 20.3ms | ActiveRecord: 0.1ms)


Started GET "/authors" for 127.0.0.1 at 2018-10-10 22:26:59 +1100
Processing by AuthorsController#index as HTML
  Rendering authors/index.html.erb within layouts/application
  [1m[36mAuthor Load (0.2ms)[0m  [1m[34mSELECT "authors".* FROM "authors"[0m
  ↳ app/views/authors/index.html.erb:3
  Rendered authors/index.html.erb within layouts/application (1.6ms)
Completed 200 OK in 54ms (Views: 51.4ms | ActiveRecord: 0.2ms)


Started GET "/authors" for 127.0.0.1 at 2018-10-10 22:27:11 +1100
Processing by AuthorsController#index as HTML
  Rendering authors/index.html.erb within layouts/application
  [1m[36mAuthor Load (0.2ms)[0m  [1m[34mSELECT "authors".* FROM "authors"[0m
  ↳ app/views/authors/index.html.erb:3
  Rendered authors/index.html.erb within layouts/application (1.5ms)
Completed 200 OK in 37ms (Views: 33.7ms | ActiveRecord: 0.2ms)


Started GET "/authors" for 127.0.0.1 at 2018-10-10 22:27:21 +1100
Processing by AuthorsController#index as HTML
  Rendering authors/index.html.erb within layouts/application
  [1m[36mAuthor Load (0.2ms)[0m  [1m[34mSELECT "authors".* FROM "authors"[0m
  ↳ app/views/authors/index.html.erb:3
  Rendered authors/index.html.erb within layouts/application (1.8ms)
Completed 200 OK in 41ms (Views: 38.4ms | ActiveRecord: 0.2ms)


Started GET "/authors" for 127.0.0.1 at 2018-10-10 22:28:08 +1100
Processing by AuthorsController#index as HTML
  Rendering authors/index.html.erb within layouts/application
  [1m[36mAuthor Load (0.2ms)[0m  [1m[34mSELECT "authors".* FROM "authors"[0m
  ↳ app/views/authors/index.html.erb:3
  Rendered authors/index.html.erb within layouts/application (1.9ms)
Completed 200 OK in 37ms (Views: 34.0ms | ActiveRecord: 0.2ms)


Started GET "/authors/4" for 127.0.0.1 at 2018-10-10 22:28:09 +1100
Processing by AuthorsController#show as HTML
  Parameters: {"id"=>"4"}
  [1m[36mAuthor Load (0.1ms)[0m  [1m[34mSELECT  "authors".* FROM "authors" WHERE "authors"."id" = ? LIMIT ?[0m  [["id", 4], ["LIMIT", 1]]
  ↳ app/controllers/authors_controller.rb:14
  Rendering authors/show.html.erb within layouts/application
  Rendered authors/show.html.erb within layouts/application (0.7ms)
Completed 200 OK in 24ms (Views: 20.8ms | ActiveRecord: 0.1ms)


Started GET "/authors/4" for 127.0.0.1 at 2018-10-10 22:28:18 +1100
Processing by AuthorsController#show as HTML
  Parameters: {"id"=>"4"}
  [1m[36mAuthor Load (0.1ms)[0m  [1m[34mSELECT  "authors".* FROM "authors" WHERE "authors"."id" = ? LIMIT ?[0m  [["id", 4], ["LIMIT", 1]]
  ↳ app/controllers/authors_controller.rb:14
  Rendering authors/show.html.erb within layouts/application
  Rendered authors/show.html.erb within layouts/application (0.5ms)
Completed 200 OK in 36ms (Views: 32.9ms | ActiveRecord: 0.1ms)


Started GET "/authors/4" for 127.0.0.1 at 2018-10-10 22:29:11 +1100
Processing by AuthorsController#show as HTML
  Parameters: {"id"=>"4"}
  [1m[36mAuthor Load (0.1ms)[0m  [1m[34mSELECT  "authors".* FROM "authors" WHERE "authors"."id" = ? LIMIT ?[0m  [["id", 4], ["LIMIT", 1]]
  ↳ app/controllers/authors_controller.rb:14
  Rendering authors/show.html.erb within layouts/application
  Rendered authors/show.html.erb within layouts/application (227.9ms)
Completed 500 Internal Server Error in 239ms (ActiveRecord: 0.1ms)


  
ActionView::Template::Error (undefined local variable or method `author' for #<#<Class:0x00007ff0c24d3608>:0x00007ff0c36dd9c0>
Did you mean?  @author):
    1: <h2><%= @author.name %></h2>
    2: 
    3: <%= link_to 'Edit Author', edit_author_path(author) %>
    4: 
    5: <p><strong>Country: </strong><%= @author.country %></p>
    6: <p><strong>Date of Birth: </strong><%= @author.dob %></p>
  
app/views/authors/show.html.erb:3:in `_app_views_authors_show_html_erb___737380979759833909_70336023818600'
Started GET "/authors/4" for 127.0.0.1 at 2018-10-10 22:29:20 +1100
Processing by AuthorsController#show as HTML
  Parameters: {"id"=>"4"}
  [1m[36mAuthor Load (0.1ms)[0m  [1m[34mSELECT  "authors".* FROM "authors" WHERE "authors"."id" = ? LIMIT ?[0m  [["id", 4], ["LIMIT", 1]]
  ↳ app/controllers/authors_controller.rb:14
  Rendering authors/show.html.erb within layouts/application
  Rendered authors/show.html.erb within layouts/application (0.9ms)
Completed 200 OK in 26ms (Views: 22.5ms | ActiveRecord: 0.1ms)


Started GET "/authors/4/edit" for 127.0.0.1 at 2018-10-10 22:29:22 +1100
Processing by AuthorsController#edit as HTML
  Parameters: {"id"=>"4"}
Completed 406 Not Acceptable in 144ms (ActiveRecord: 0.0ms)


  
ActionController::UnknownFormat (AuthorsController#edit is missing a template for this request format and variant.

request.formats: ["text/html"]
request.variant: []

NOTE! For XHR/Ajax or API requests, this action would normally respond with 204 No Content: an empty white screen. Since you're loading it in a web browser, we assume that you expected to actually render a template, not nothing, so we're showing an error to be extra-clear. If you expect 204 No Content, carry on. That's what you'll get from an XHR or API request. Give it a shot.):
  
actionpack (5.2.1) lib/action_controller/metal/implicit_render.rb:55:in `default_render'
actionpack (5.2.1) lib/action_controller/metal/basic_implicit_render.rb:6:in `block in send_action'
actionpack (5.2.1) lib/action_controller/metal/basic_implicit_render.rb:6:in `tap'
actionpack (5.2.1) lib/action_controller/metal/basic_implicit_render.rb:6:in `send_action'
actionpack (5.2.1) lib/abstract_controller/base.rb:194:in `process_action'
actionpack (5.2.1) lib/action_controller/metal/rendering.rb:30:in `process_action'
actionpack (5.2.1) lib/abstract_controller/callbacks.rb:42:in `block in process_action'
activesupport (5.2.1) lib/active_support/callbacks.rb:132:in `run_callbacks'
actionpack (5.2.1) lib/abstract_controller/callbacks.rb:41:in `process_action'
actionpack (5.2.1) lib/action_controller/metal/rescue.rb:22:in `process_action'
actionpack (5.2.1) lib/action_controller/metal/instrumentation.rb:34:in `block in process_action'
activesupport (5.2.1) lib/active_support/notifications.rb:168:in `block in instrument'
activesupport (5.2.1) lib/active_support/notifications/instrumenter.rb:23:in `instrument'
activesupport (5.2.1) lib/active_support/notifications.rb:168:in `instrument'
actionpack (5.2.1) lib/action_controller/metal/instrumentation.rb:32:in `process_action'
actionpack (5.2.1) lib/action_controller/metal/params_wrapper.rb:256:in `process_action'
activerecord (5.2.1) lib/active_record/railties/controller_runtime.rb:24:in `process_action'
actionpack (5.2.1) lib/abstract_controller/base.rb:134:in `process'
actionview (5.2.1) lib/action_view/rendering.rb:32:in `process'
actionpack (5.2.1) lib/action_controller/metal.rb:191:in `dispatch'
actionpack (5.2.1) lib/action_controller/metal.rb:252:in `dispatch'
actionpack (5.2.1) lib/action_dispatch/routing/route_set.rb:52:in `dispatch'
actionpack (5.2.1) lib/action_dispatch/routing/route_set.rb:34:in `serve'
actionpack (5.2.1) lib/action_dispatch/journey/router.rb:52:in `block in serve'
actionpack (5.2.1) lib/action_dispatch/journey/router.rb:35:in `each'
actionpack (5.2.1) lib/action_dispatch/journey/router.rb:35:in `serve'
actionpack (5.2.1) lib/action_dispatch/routing/route_set.rb:840:in `call'
rack (2.0.5) lib/rack/tempfile_reaper.rb:15:in `call'
rack (2.0.5) lib/rack/etag.rb:25:in `call'
rack (2.0.5) lib/rack/conditional_get.rb:25:in `call'
rack (2.0.5) lib/rack/head.rb:12:in `call'
actionpack (5.2.1) lib/action_dispatch/http/content_security_policy.rb:18:in `call'
rack (2.0.5) lib/rack/session/abstract/id.rb:232:in `context'
rack (2.0.5) lib/rack/session/abstract/id.rb:226:in `call'
actionpack (5.2.1) lib/action_dispatch/middleware/cookies.rb:670:in `call'
activerecord (5.2.1) lib/active_record/migration.rb:559:in `call'
actionpack (5.2.1) lib/action_dispatch/middleware/callbacks.rb:28:in `block in call'
activesupport (5.2.1) lib/active_support/callbacks.rb:98:in `run_callbacks'
actionpack (5.2.1) lib/action_dispatch/middleware/callbacks.rb:26:in `call'
actionpack (5.2.1) lib/action_dispatch/middleware/executor.rb:14:in `call'
actionpack (5.2.1) lib/action_dispatch/middleware/debug_exceptions.rb:61:in `call'
web-console (3.7.0) lib/web_console/middleware.rb:135:in `call_app'
web-console (3.7.0) lib/web_console/middleware.rb:30:in `block in call'
web-console (3.7.0) lib/web_console/middleware.rb:20:in `catch'
web-console (3.7.0) lib/web_console/middleware.rb:20:in `call'
actionpack (5.2.1) lib/action_dispatch/middleware/show_exceptions.rb:33:in `call'
railties (5.2.1) lib/rails/rack/logger.rb:38:in `call_app'
railties (5.2.1) lib/rails/rack/logger.rb:26:in `block in call'
activesupport (5.2.1) lib/active_support/tagged_logging.rb:71:in `block in tagged'
activesupport (5.2.1) lib/active_support/tagged_logging.rb:28:in `tagged'
activesupport (5.2.1) lib/active_support/tagged_logging.rb:71:in `tagged'
railties (5.2.1) lib/rails/rack/logger.rb:26:in `call'
sprockets-rails (3.2.1) lib/sprockets/rails/quiet_assets.rb:13:in `call'
actionpack (5.2.1) lib/action_dispatch/middleware/remote_ip.rb:81:in `call'
actionpack (5.2.1) lib/action_dispatch/middleware/request_id.rb:27:in `call'
rack (2.0.5) lib/rack/method_override.rb:22:in `call'
rack (2.0.5) lib/rack/runtime.rb:22:in `call'
activesupport (5.2.1) lib/active_support/cache/strategy/local_cache_middleware.rb:29:in `call'
actionpack (5.2.1) lib/action_dispatch/middleware/executor.rb:14:in `call'
actionpack (5.2.1) lib/action_dispatch/middleware/static.rb:127:in `call'
rack (2.0.5) lib/rack/sendfile.rb:111:in `call'
railties (5.2.1) lib/rails/engine.rb:524:in `call'
puma (3.12.0) lib/puma/configuration.rb:225:in `call'
puma (3.12.0) lib/puma/server.rb:658:in `handle_request'
puma (3.12.0) lib/puma/server.rb:472:in `process_client'
puma (3.12.0) lib/puma/server.rb:332:in `block in run'
puma (3.12.0) lib/puma/thread_pool.rb:133:in `block in spawn_thread'
Started GET "/authors/4" for 127.0.0.1 at 2018-10-10 22:30:45 +1100
Processing by AuthorsController#show as HTML
  Parameters: {"id"=>"4"}
  [1m[36mAuthor Load (0.2ms)[0m  [1m[34mSELECT  "authors".* FROM "authors" WHERE "authors"."id" = ? LIMIT ?[0m  [["id", 4], ["LIMIT", 1]]
  ↳ app/controllers/authors_controller.rb:14
  Rendering authors/show.html.erb within layouts/application
  Rendered authors/show.html.erb within layouts/application (1.1ms)
Completed 200 OK in 29ms (Views: 25.3ms | ActiveRecord: 0.2ms)


Started GET "/authors/" for 127.0.0.1 at 2018-10-10 22:31:48 +1100
Processing by AuthorsController#index as HTML
  Rendering authors/index.html.erb within layouts/application
  [1m[36mAuthor Load (0.4ms)[0m  [1m[34mSELECT "authors".* FROM "authors"[0m
  ↳ app/views/authors/index.html.erb:3
  Rendered authors/index.html.erb within layouts/application (11.1ms)
Completed 200 OK in 41ms (Views: 34.8ms | ActiveRecord: 1.2ms)


Started GET "/authors/new" for 127.0.0.1 at 2018-10-10 22:31:50 +1100
Processing by AuthorsController#new as HTML
Completed 406 Not Acceptable in 145ms (ActiveRecord: 0.0ms)


  
ActionController::UnknownFormat (AuthorsController#new is missing a template for this request format and variant.

request.formats: ["text/html"]
request.variant: []

NOTE! For XHR/Ajax or API requests, this action would normally respond with 204 No Content: an empty white screen. Since you're loading it in a web browser, we assume that you expected to actually render a template, not nothing, so we're showing an error to be extra-clear. If you expect 204 No Content, carry on. That's what you'll get from an XHR or API request. Give it a shot.):
  
actionpack (5.2.1) lib/action_controller/metal/implicit_render.rb:55:in `default_render'
actionpack (5.2.1) lib/action_controller/metal/basic_implicit_render.rb:6:in `block in send_action'
actionpack (5.2.1) lib/action_controller/metal/basic_implicit_render.rb:6:in `tap'
actionpack (5.2.1) lib/action_controller/metal/basic_implicit_render.rb:6:in `send_action'
actionpack (5.2.1) lib/abstract_controller/base.rb:194:in `process_action'
actionpack (5.2.1) lib/action_controller/metal/rendering.rb:30:in `process_action'
actionpack (5.2.1) lib/abstract_controller/callbacks.rb:42:in `block in process_action'
activesupport (5.2.1) lib/active_support/callbacks.rb:132:in `run_callbacks'
actionpack (5.2.1) lib/abstract_controller/callbacks.rb:41:in `process_action'
actionpack (5.2.1) lib/action_controller/metal/rescue.rb:22:in `process_action'
actionpack (5.2.1) lib/action_controller/metal/instrumentation.rb:34:in `block in process_action'
activesupport (5.2.1) lib/active_support/notifications.rb:168:in `block in instrument'
activesupport (5.2.1) lib/active_support/notifications/instrumenter.rb:23:in `instrument'
activesupport (5.2.1) lib/active_support/notifications.rb:168:in `instrument'
actionpack (5.2.1) lib/action_controller/metal/instrumentation.rb:32:in `process_action'
actionpack (5.2.1) lib/action_controller/metal/params_wrapper.rb:256:in `process_action'
activerecord (5.2.1) lib/active_record/railties/controller_runtime.rb:24:in `process_action'
actionpack (5.2.1) lib/abstract_controller/base.rb:134:in `process'
actionview (5.2.1) lib/action_view/rendering.rb:32:in `process'
actionpack (5.2.1) lib/action_controller/metal.rb:191:in `dispatch'
actionpack (5.2.1) lib/action_controller/metal.rb:252:in `dispatch'
actionpack (5.2.1) lib/action_dispatch/routing/route_set.rb:52:in `dispatch'
actionpack (5.2.1) lib/action_dispatch/routing/route_set.rb:34:in `serve'
actionpack (5.2.1) lib/action_dispatch/journey/router.rb:52:in `block in serve'
actionpack (5.2.1) lib/action_dispatch/journey/router.rb:35:in `each'
actionpack (5.2.1) lib/action_dispatch/journey/router.rb:35:in `serve'
actionpack (5.2.1) lib/action_dispatch/routing/route_set.rb:840:in `call'
rack (2.0.5) lib/rack/tempfile_reaper.rb:15:in `call'
rack (2.0.5) lib/rack/etag.rb:25:in `call'
rack (2.0.5) lib/rack/conditional_get.rb:25:in `call'
rack (2.0.5) lib/rack/head.rb:12:in `call'
actionpack (5.2.1) lib/action_dispatch/http/content_security_policy.rb:18:in `call'
rack (2.0.5) lib/rack/session/abstract/id.rb:232:in `context'
rack (2.0.5) lib/rack/session/abstract/id.rb:226:in `call'
actionpack (5.2.1) lib/action_dispatch/middleware/cookies.rb:670:in `call'
activerecord (5.2.1) lib/active_record/migration.rb:559:in `call'
actionpack (5.2.1) lib/action_dispatch/middleware/callbacks.rb:28:in `block in call'
activesupport (5.2.1) lib/active_support/callbacks.rb:98:in `run_callbacks'
actionpack (5.2.1) lib/action_dispatch/middleware/callbacks.rb:26:in `call'
actionpack (5.2.1) lib/action_dispatch/middleware/executor.rb:14:in `call'
actionpack (5.2.1) lib/action_dispatch/middleware/debug_exceptions.rb:61:in `call'
web-console (3.7.0) lib/web_console/middleware.rb:135:in `call_app'
web-console (3.7.0) lib/web_console/middleware.rb:30:in `block in call'
web-console (3.7.0) lib/web_console/middleware.rb:20:in `catch'
web-console (3.7.0) lib/web_console/middleware.rb:20:in `call'
actionpack (5.2.1) lib/action_dispatch/middleware/show_exceptions.rb:33:in `call'
railties (5.2.1) lib/rails/rack/logger.rb:38:in `call_app'
railties (5.2.1) lib/rails/rack/logger.rb:26:in `block in call'
activesupport (5.2.1) lib/active_support/tagged_logging.rb:71:in `block in tagged'
activesupport (5.2.1) lib/active_support/tagged_logging.rb:28:in `tagged'
activesupport (5.2.1) lib/active_support/tagged_logging.rb:71:in `tagged'
railties (5.2.1) lib/rails/rack/logger.rb:26:in `call'
sprockets-rails (3.2.1) lib/sprockets/rails/quiet_assets.rb:13:in `call'
actionpack (5.2.1) lib/action_dispatch/middleware/remote_ip.rb:81:in `call'
actionpack (5.2.1) lib/action_dispatch/middleware/request_id.rb:27:in `call'
rack (2.0.5) lib/rack/method_override.rb:22:in `call'
rack (2.0.5) lib/rack/runtime.rb:22:in `call'
activesupport (5.2.1) lib/active_support/cache/strategy/local_cache_middleware.rb:29:in `call'
actionpack (5.2.1) lib/action_dispatch/middleware/executor.rb:14:in `call'
actionpack (5.2.1) lib/action_dispatch/middleware/static.rb:127:in `call'
rack (2.0.5) lib/rack/sendfile.rb:111:in `call'
railties (5.2.1) lib/rails/engine.rb:524:in `call'
puma (3.12.0) lib/puma/configuration.rb:225:in `call'
puma (3.12.0) lib/puma/server.rb:658:in `handle_request'
puma (3.12.0) lib/puma/server.rb:472:in `process_client'
puma (3.12.0) lib/puma/server.rb:332:in `block in run'
puma (3.12.0) lib/puma/thread_pool.rb:133:in `block in spawn_thread'
Started GET "/authors/" for 127.0.0.1 at 2018-10-10 22:34:36 +1100
Processing by AuthorsController#index as HTML
  Rendering authors/index.html.erb within layouts/application
  [1m[36mAuthor Load (0.2ms)[0m  [1m[34mSELECT "authors".* FROM "authors"[0m
  ↳ app/views/authors/index.html.erb:3
  Rendered authors/index.html.erb within layouts/application (1.4ms)
Completed 200 OK in 22ms (Views: 19.5ms | ActiveRecord: 0.2ms)


Started GET "/authors/new" for 127.0.0.1 at 2018-10-10 22:34:36 +1100
Processing by AuthorsController#new as HTML
  Rendering authors/new.html.erb within layouts/application
  Rendered authors/_form.html.erb (3.2ms)
  Rendered authors/new.html.erb within layouts/application (6.3ms)
Completed 500 Internal Server Error in 17ms (ActiveRecord: 0.0ms)


  
ActionView::Template::Error (First argument in form cannot contain nil or be empty):
    1: <%= form_for @author do |f| %>
    2: <fieldset>
    3:   <%= f.label :name %>
    4:   <%= f.text_field :name %>
  
app/views/authors/_form.html.erb:1:in `_app_views_authors__form_html_erb___2758698120435412918_70336014305420'
app/views/authors/new.html.erb:3:in `_app_views_authors_new_html_erb___1659806543103274533_70336012870520'
Started GET "/authors/new" for 127.0.0.1 at 2018-10-10 23:13:32 +1100
Processing by AuthorsController#new as HTML
Completed 500 Internal Server Error in 2ms (ActiveRecord: 0.0ms)


  
NameError (uninitialized constant AuthorsController::Artist):
  
app/controllers/authors_controller.rb:3:in `new'
Started GET "/authors/new" for 127.0.0.1 at 2018-10-10 23:13:41 +1100
Processing by AuthorsController#new as HTML
  Rendering authors/new.html.erb within layouts/application
  Rendered authors/_form.html.erb (14.5ms)
  Rendered authors/new.html.erb within layouts/application (17.2ms)
Completed 200 OK in 48ms (Views: 37.5ms | ActiveRecord: 0.6ms)


Started POST "/authors" for 127.0.0.1 at 2018-10-10 23:16:59 +1100
Processing by AuthorsController#create as HTML
  Parameters: {"utf8"=>"✓", "authenticity_token"=>"6rtrLIIAwN7xuiTN5qyQHvXOo8xOKWmn7J39qGFETXjna8by6F0ZqVuYPkYXZ7E6hMACx/IO+DeskQmvUi6Rfw==", "author"=>{"name"=>"a", "country"=>"a", "dob"=>"2000/1/1", "genre"=>"ter", "image"=>"http://fillmurray/250/250"}, "commit"=>"Create Author"}
No template found for AuthorsController#create, rendering head :no_content
Completed 204 No Content in 142ms (ActiveRecord: 0.0ms)


Started GET "/authors/new" for 127.0.0.1 at 2018-10-10 23:18:21 +1100
Processing by AuthorsController#new as HTML
  Rendering authors/new.html.erb within layouts/application
  Rendered authors/_form.html.erb (3.4ms)
  Rendered authors/new.html.erb within layouts/application (7.1ms)
Completed 200 OK in 45ms (Views: 26.6ms | ActiveRecord: 0.6ms)


Started POST "/authors" for 127.0.0.1 at 2018-10-10 23:18:36 +1100
Processing by AuthorsController#create as HTML
  Parameters: {"utf8"=>"✓", "authenticity_token"=>"8VqsCbLPl3etSHdDZRrtq7vWY7c/6PxtcTVAlDsri/P8igHX2JJOAAdqbciU0cyPytjCvIPPbf0xObSTCEFX9A==", "author"=>{"name"=>"a", "country"=>"a", "dob"=>"2000/1/1", "genre"=>"awe", "image"=>"http://fillmurray.com/250/250"}, "commit"=>"Create Author"}
  [1m[35m (0.1ms)[0m  [1m[36mbegin transaction[0m
  ↳ app/controllers/authors_controller.rb:7
  [1m[36mAuthor Create (0.6ms)[0m  [1m[32mINSERT INTO "authors" ("name", "country", "dob", "genre", "image", "created_at", "updated_at") VALUES (?, ?, ?, ?, ?, ?, ?)[0m  [["name", "a"], ["country", "a"], ["dob", "2000-01-01"], ["genre", "awe"], ["image", "http://fillmurray.com/250/250"], ["created_at", "2018-10-10 12:18:36.482385"], ["updated_at", "2018-10-10 12:18:36.482385"]]
  ↳ app/controllers/authors_controller.rb:7
  [1m[35m (6.5ms)[0m  [1m[36mcommit transaction[0m
  ↳ app/controllers/authors_controller.rb:7
No template found for AuthorsController#create, rendering head :no_content
Completed 204 No Content in 156ms (ActiveRecord: 7.2ms)


Started GET "/authors/new" for 127.0.0.1 at 2018-10-10 23:19:08 +1100
Processing by AuthorsController#new as HTML
  Rendering authors/new.html.erb within layouts/application
  Rendered authors/_form.html.erb (2.9ms)
  Rendered authors/new.html.erb within layouts/application (5.5ms)
Completed 200 OK in 35ms (Views: 24.2ms | ActiveRecord: 0.6ms)


Started GET "/authors/new" for 127.0.0.1 at 2018-10-10 23:19:29 +1100
Processing by AuthorsController#new as HTML
  Rendering authors/new.html.erb within layouts/application
  Rendered authors/_form.html.erb (3.4ms)
  Rendered authors/new.html.erb within layouts/application (6.7ms)
Completed 200 OK in 40ms (Views: 35.8ms | ActiveRecord: 0.0ms)


Started GET "/authors" for 127.0.0.1 at 2018-10-10 23:19:30 +1100
Processing by AuthorsController#index as HTML
  Rendering authors/index.html.erb within layouts/application
  [1m[36mAuthor Load (0.2ms)[0m  [1m[34mSELECT "authors".* FROM "authors"[0m
  ↳ app/views/authors/index.html.erb:3
  Rendered authors/index.html.erb within layouts/application (1.9ms)
Completed 200 OK in 25ms (Views: 21.5ms | ActiveRecord: 0.2ms)


Started GET "/authors/5" for 127.0.0.1 at 2018-10-10 23:19:32 +1100
Processing by AuthorsController#show as HTML
  Parameters: {"id"=>"5"}
  [1m[36mAuthor Load (0.3ms)[0m  [1m[34mSELECT  "authors".* FROM "authors" WHERE "authors"."id" = ? LIMIT ?[0m  [["id", 5], ["LIMIT", 1]]
  ↳ app/controllers/authors_controller.rb:16
  Rendering authors/show.html.erb within layouts/application
  Rendered authors/show.html.erb within layouts/application (0.7ms)
Completed 200 OK in 28ms (Views: 22.8ms | ActiveRecord: 0.3ms)


Started GET "/authors" for 127.0.0.1 at 2018-10-10 23:19:35 +1100
Processing by AuthorsController#index as HTML
  Rendering authors/index.html.erb within layouts/application
  [1m[36mAuthor Load (0.2ms)[0m  [1m[34mSELECT "authors".* FROM "authors"[0m
  ↳ app/views/authors/index.html.erb:3
  Rendered authors/index.html.erb within layouts/application (1.5ms)
Completed 200 OK in 22ms (Views: 19.8ms | ActiveRecord: 0.2ms)


Started GET "/authors" for 127.0.0.1 at 2018-10-10 23:24:28 +1100
Processing by AuthorsController#index as HTML
  Rendering authors/index.html.erb within layouts/application
  [1m[36mAuthor Load (0.2ms)[0m  [1m[34mSELECT "authors".* FROM "authors"[0m
  ↳ app/views/authors/index.html.erb:3
  Rendered authors/index.html.erb within layouts/application (15.7ms)
Completed 200 OK in 38ms (Views: 33.3ms | ActiveRecord: 0.9ms)


Started GET "/authors/1" for 127.0.0.1 at 2018-10-10 23:24:29 +1100
Processing by AuthorsController#show as HTML
  Parameters: {"id"=>"1"}
  [1m[36mAuthor Load (0.3ms)[0m  [1m[34mSELECT  "authors".* FROM "authors" WHERE "authors"."id" = ? LIMIT ?[0m  [["id", 1], ["LIMIT", 1]]
  ↳ app/controllers/authors_controller.rb:16
  Rendering authors/show.html.erb within layouts/application
  Rendered authors/show.html.erb within layouts/application (0.9ms)
Completed 200 OK in 26ms (Views: 21.3ms | ActiveRecord: 0.3ms)


Started GET "/authors/1/edit" for 127.0.0.1 at 2018-10-10 23:24:30 +1100
Processing by AuthorsController#edit as HTML
  Parameters: {"id"=>"1"}
  [1m[36mAuthor Load (0.1ms)[0m  [1m[34mSELECT  "authors".* FROM "authors" WHERE "authors"."id" = ? LIMIT ?[0m  [["id", 1], ["LIMIT", 1]]
  ↳ app/controllers/authors_controller.rb:20
  Rendering authors/edit.html.erb within layouts/application
  Rendered authors/edit.html.erb within layouts/application (0.4ms)
Completed 200 OK in 24ms (Views: 20.4ms | ActiveRecord: 0.1ms)


Started GET "/authors/1/edit" for 127.0.0.1 at 2018-10-10 23:24:42 +1100
Processing by AuthorsController#edit as HTML
  Parameters: {"id"=>"1"}
  [1m[36mAuthor Load (0.1ms)[0m  [1m[34mSELECT  "authors".* FROM "authors" WHERE "authors"."id" = ? LIMIT ?[0m  [["id", 1], ["LIMIT", 1]]
  ↳ app/controllers/authors_controller.rb:20
  Rendering authors/edit.html.erb within layouts/application
  Rendered authors/_form.html.erb (4.0ms)
  Rendered authors/edit.html.erb within layouts/application (7.7ms)
Completed 200 OK in 31ms (Views: 27.8ms | ActiveRecord: 0.1ms)


Started PATCH "/authors/1" for 127.0.0.1 at 2018-10-10 23:24:47 +1100
Processing by AuthorsController#update as HTML
  Parameters: {"utf8"=>"✓", "authenticity_token"=>"Y4gMoaswL7fnQYZSA5z2wSsVfn+Cx0iOJYEjV3kc5wtuWKF/wW32wE1jnNnyV9flWhvfdD7g2R5ljddQSnY7DA==", "author"=>{"name"=>"George Orwell", "country"=>"English", "dob"=>"1950-06-25", "genre"=>"Dystopia, b", "image"=>"https://upload.wikimedia.org/wikipedia/commons/7/7e/George_Orwell_press_photo.jpg"}, "commit"=>"Update Author", "id"=>"1"}
No template found for AuthorsController#update, rendering head :no_content
Completed 204 No Content in 150ms (ActiveRecord: 0.0ms)


Started GET "/rails/info/routes" for 127.0.0.1 at 2018-10-10 23:25:14 +1100
Processing by Rails::InfoController#routes as HTML
  Rendering /Users/andy/.rvm/gems/ruby-2.5.1/gems/railties-5.2.1/lib/rails/templates/rails/info/routes.html.erb within layouts/application
  Rendered collection of /Users/andy/.rvm/gems/ruby-2.5.1/gems/actionpack-5.2.1/lib/action_dispatch/middleware/templates/routes/_route.html.erb [13 times] (3.2ms)
  Rendered /Users/andy/.rvm/gems/ruby-2.5.1/gems/actionpack-5.2.1/lib/action_dispatch/middleware/templates/routes/_table.html.erb (0.9ms)
  Rendered /Users/andy/.rvm/gems/ruby-2.5.1/gems/railties-5.2.1/lib/rails/templates/rails/info/routes.html.erb within layouts/application (10.8ms)
Completed 200 OK in 27ms (Views: 21.4ms | ActiveRecord: 0.0ms)


Started GET "/authors/1/edit" for 127.0.0.1 at 2018-10-10 23:25:19 +1100
Processing by AuthorsController#edit as HTML
  Parameters: {"id"=>"1"}
  [1m[36mAuthor Load (0.2ms)[0m  [1m[34mSELECT  "authors".* FROM "authors" WHERE "authors"."id" = ? LIMIT ?[0m  [["id", 1], ["LIMIT", 1]]
  ↳ app/controllers/authors_controller.rb:20
Completed 500 Internal Server Error in 136ms (ActiveRecord: 0.8ms)


  
NameError (undefined local variable or method `author' for #<AuthorsController:0x00007ff0c28ae868>
Did you mean?  @author):
  
app/controllers/authors_controller.rb:21:in `edit'
Started GET "/authors/1/edit" for 127.0.0.1 at 2018-10-10 23:25:38 +1100
Processing by AuthorsController#edit as HTML
  Parameters: {"id"=>"1"}
  [1m[36mAuthor Load (0.2ms)[0m  [1m[34mSELECT  "authors".* FROM "authors" WHERE "authors"."id" = ? LIMIT ?[0m  [["id", 1], ["LIMIT", 1]]
  ↳ app/controllers/authors_controller.rb:20
Completed 500 Internal Server Error in 10ms (ActiveRecord: 0.9ms)


  
ActionController::UrlGenerationError (No route matches {:action=>"show", :controller=>"authors", :id=>nil}, missing required keys: [:id]):
  
app/controllers/authors_controller.rb:21:in `edit'
Started GET "/authors/1" for 127.0.0.1 at 2018-10-10 23:25:45 +1100
Processing by AuthorsController#show as HTML
  Parameters: {"id"=>"1"}
  [1m[36mAuthor Load (0.2ms)[0m  [1m[34mSELECT  "authors".* FROM "authors" WHERE "authors"."id" = ? LIMIT ?[0m  [["id", 1], ["LIMIT", 1]]
  ↳ app/controllers/authors_controller.rb:16
  Rendering authors/show.html.erb within layouts/application
  Rendered authors/show.html.erb within layouts/application (1.0ms)
Completed 200 OK in 31ms (Views: 24.7ms | ActiveRecord: 0.2ms)


Started GET "/authors/1/edit" for 127.0.0.1 at 2018-10-10 23:25:47 +1100
Processing by AuthorsController#edit as HTML
  Parameters: {"id"=>"1"}
  [1m[36mAuthor Load (0.1ms)[0m  [1m[34mSELECT  "authors".* FROM "authors" WHERE "authors"."id" = ? LIMIT ?[0m  [["id", 1], ["LIMIT", 1]]
  ↳ app/controllers/authors_controller.rb:20
Completed 500 Internal Server Error in 1ms (ActiveRecord: 0.1ms)


  
ActionController::UrlGenerationError (No route matches {:action=>"show", :controller=>"authors", :id=>nil}, missing required keys: [:id]):
  
app/controllers/authors_controller.rb:21:in `edit'
Started GET "/authors/1/edit" for 127.0.0.1 at 2018-10-10 23:26:11 +1100
Processing by AuthorsController#edit as HTML
  Parameters: {"id"=>"1"}
  [1m[36mAuthor Load (0.2ms)[0m  [1m[34mSELECT  "authors".* FROM "authors" WHERE "authors"."id" = ? LIMIT ?[0m  [["id", 1], ["LIMIT", 1]]
  ↳ app/controllers/authors_controller.rb:20
Completed 400 Bad Request in 11ms (ActiveRecord: 0.9ms)


  
ActionController::ParameterMissing (param is missing or the value is empty: author):
  
app/controllers/authors_controller.rb:33:in `author_params'
app/controllers/authors_controller.rb:21:in `edit'
Started GET "/authors/1" for 127.0.0.1 at 2018-10-10 23:26:27 +1100
Processing by AuthorsController#show as HTML
  Parameters: {"id"=>"1"}
  [1m[36mAuthor Load (0.2ms)[0m  [1m[34mSELECT  "authors".* FROM "authors" WHERE "authors"."id" = ? LIMIT ?[0m  [["id", 1], ["LIMIT", 1]]
  ↳ app/controllers/authors_controller.rb:16
  Rendering authors/show.html.erb within layouts/application
  Rendered authors/show.html.erb within layouts/application (1.0ms)
Completed 200 OK in 31ms (Views: 26.0ms | ActiveRecord: 0.2ms)


Started GET "/authors/1/edit" for 127.0.0.1 at 2018-10-10 23:26:29 +1100
Processing by AuthorsController#edit as HTML
  Parameters: {"id"=>"1"}
  [1m[36mAuthor Load (0.2ms)[0m  [1m[34mSELECT  "authors".* FROM "authors" WHERE "authors"."id" = ? LIMIT ?[0m  [["id", 1], ["LIMIT", 1]]
  ↳ app/controllers/authors_controller.rb:20
Completed 400 Bad Request in 1ms (ActiveRecord: 0.2ms)


  
ActionController::ParameterMissing (param is missing or the value is empty: author):
  
app/controllers/authors_controller.rb:33:in `author_params'
app/controllers/authors_controller.rb:21:in `edit'
Started GET "/authors/1/edit" for 127.0.0.1 at 2018-10-10 23:31:00 +1100
Processing by AuthorsController#edit as HTML
  Parameters: {"id"=>"1"}
  [1m[36mAuthor Load (0.1ms)[0m  [1m[34mSELECT  "authors".* FROM "authors" WHERE "authors"."id" = ? LIMIT ?[0m  [["id", 1], ["LIMIT", 1]]
  ↳ app/controllers/authors_controller.rb:20
Completed 400 Bad Request in 1ms (ActiveRecord: 0.1ms)


  
ActionController::ParameterMissing (param is missing or the value is empty: author):
  
app/controllers/authors_controller.rb:33:in `author_params'
app/controllers/authors_controller.rb:21:in `edit'
Started GET "/authors/1/edit" for 127.0.0.1 at 2018-10-10 23:31:37 +1100
Processing by AuthorsController#edit as HTML
  Parameters: {"id"=>"1"}
  [1m[36mAuthor Load (0.2ms)[0m  [1m[34mSELECT  "authors".* FROM "authors" WHERE "authors"."id" = ? LIMIT ?[0m  [["id", 1], ["LIMIT", 1]]
  ↳ app/controllers/authors_controller.rb:20
  Rendering authors/edit.html.erb within layouts/application
  Rendered authors/_form.html.erb (3.1ms)
  Rendered authors/edit.html.erb within layouts/application (5.9ms)
Completed 200 OK in 43ms (Views: 30.0ms | ActiveRecord: 0.9ms)


Started PATCH "/authors/1" for 127.0.0.1 at 2018-10-10 23:31:41 +1100
Processing by AuthorsController#update as HTML
  Parameters: {"utf8"=>"✓", "authenticity_token"=>"/0UEG/AIDkyiYlzdVqIk6SY9z/vVHSx27sQgqeJ4AizylanFmlXXOwhARlanaQXNVzNu8Gk6veauyNSu0RLeKw==", "author"=>{"name"=>"George Orwell", "country"=>"English", "dob"=>"1950-06-25", "genre"=>"Dystopia,b", "image"=>"https://upload.wikimedia.org/wikipedia/commons/7/7e/George_Orwell_press_photo.jpg"}, "commit"=>"Update Author", "id"=>"1"}
  [1m[36mAuthor Load (0.2ms)[0m  [1m[34mSELECT  "authors".* FROM "authors" WHERE "authors"."id" = ? LIMIT ?[0m  [["id", 1], ["LIMIT", 1]]
  ↳ app/controllers/authors_controller.rb:24
  [1m[35m (0.1ms)[0m  [1m[36mbegin transaction[0m
  ↳ app/controllers/authors_controller.rb:25
  [1m[36mAuthor Update (0.5ms)[0m  [1m[33mUPDATE "authors" SET "genre" = ?, "updated_at" = ? WHERE "authors"."id" = ?[0m  [["genre", "Dystopia,b"], ["updated_at", "2018-10-10 12:31:41.010955"], ["id", 1]]
  ↳ app/controllers/authors_controller.rb:25
  [1m[35m (1.2ms)[0m  [1m[36mcommit transaction[0m
  ↳ app/controllers/authors_controller.rb:25
Completed 500 Internal Server Error in 7ms (ActiveRecord: 2.0ms)


  
ActionController::UrlGenerationError (No route matches {:action=>"show", :controller=>"authors", :id=>nil}, missing required keys: [:id]):
  
app/controllers/authors_controller.rb:26:in `update'
Started PATCH "/authors/1" for 127.0.0.1 at 2018-10-10 23:32:25 +1100
Processing by AuthorsController#update as HTML
  Parameters: {"utf8"=>"✓", "authenticity_token"=>"/0UEG/AIDkyiYlzdVqIk6SY9z/vVHSx27sQgqeJ4AizylanFmlXXOwhARlanaQXNVzNu8Gk6veauyNSu0RLeKw==", "author"=>{"name"=>"George Orwell", "country"=>"English", "dob"=>"1950-06-25", "genre"=>"Dystopia,b", "image"=>"https://upload.wikimedia.org/wikipedia/commons/7/7e/George_Orwell_press_photo.jpg"}, "commit"=>"Update Author", "id"=>"1"}
  [1m[36mAuthor Load (0.2ms)[0m  [1m[34mSELECT  "authors".* FROM "authors" WHERE "authors"."id" = ? LIMIT ?[0m  [["id", 1], ["LIMIT", 1]]
  ↳ app/controllers/authors_controller.rb:24
  [1m[35m (0.1ms)[0m  [1m[36mbegin transaction[0m
  ↳ app/controllers/authors_controller.rb:25
  [1m[35m (0.1ms)[0m  [1m[36mcommit transaction[0m
  ↳ app/controllers/authors_controller.rb:25
Redirected to http://localhost:3000/authors/1
Completed 302 Found in 13ms (ActiveRecord: 0.9ms)


Started GET "/authors/1" for 127.0.0.1 at 2018-10-10 23:32:25 +1100
Processing by AuthorsController#show as HTML
  Parameters: {"id"=>"1"}
  [1m[36mAuthor Load (0.1ms)[0m  [1m[34mSELECT  "authors".* FROM "authors" WHERE "authors"."id" = ? LIMIT ?[0m  [["id", 1], ["LIMIT", 1]]
  ↳ app/controllers/authors_controller.rb:16
  Rendering authors/show.html.erb within layouts/application
  Rendered authors/show.html.erb within layouts/application (0.8ms)
Completed 200 OK in 26ms (Views: 21.6ms | ActiveRecord: 0.1ms)


Started GET "/authors/1/edit" for 127.0.0.1 at 2018-10-10 23:32:27 +1100
Processing by AuthorsController#edit as HTML
  Parameters: {"id"=>"1"}
  [1m[36mAuthor Load (0.1ms)[0m  [1m[34mSELECT  "authors".* FROM "authors" WHERE "authors"."id" = ? LIMIT ?[0m  [["id", 1], ["LIMIT", 1]]
  ↳ app/controllers/authors_controller.rb:20
  Rendering authors/edit.html.erb within layouts/application
  Rendered authors/_form.html.erb (10.2ms)
  Rendered authors/edit.html.erb within layouts/application (13.3ms)
Completed 200 OK in 36ms (Views: 32.8ms | ActiveRecord: 0.1ms)


Started PATCH "/authors/1" for 127.0.0.1 at 2018-10-10 23:32:32 +1100
Processing by AuthorsController#update as HTML
  Parameters: {"utf8"=>"✓", "authenticity_token"=>"hUZJWgtYQ1c7A/4BoFVl2vSyNNdDqnOSGudKZ2EXZQmIluSEYQWaIJEh5IpRnkT+hbyV3P+N4gJa675gUn25Dg==", "author"=>{"name"=>"George Orwell", "country"=>"English", "dob"=>"1950-06-25", "genre"=>"Dystopia", "image"=>"https://upload.wikimedia.org/wikipedia/commons/7/7e/George_Orwell_press_photo.jpg"}, "commit"=>"Update Author", "id"=>"1"}
  [1m[36mAuthor Load (0.2ms)[0m  [1m[34mSELECT  "authors".* FROM "authors" WHERE "authors"."id" = ? LIMIT ?[0m  [["id", 1], ["LIMIT", 1]]
  ↳ app/controllers/authors_controller.rb:24
  [1m[35m (0.1ms)[0m  [1m[36mbegin transaction[0m
  ↳ app/controllers/authors_controller.rb:25
  [1m[36mAuthor Update (0.5ms)[0m  [1m[33mUPDATE "authors" SET "genre" = ?, "updated_at" = ? WHERE "authors"."id" = ?[0m  [["genre", "Dystopia"], ["updated_at", "2018-10-10 12:32:32.688501"], ["id", 1]]
  ↳ app/controllers/authors_controller.rb:25
  [1m[35m (6.1ms)[0m  [1m[36mcommit transaction[0m
  ↳ app/controllers/authors_controller.rb:25
Redirected to http://localhost:3000/authors/1
Completed 302 Found in 12ms (ActiveRecord: 6.9ms)


Started GET "/authors/1" for 127.0.0.1 at 2018-10-10 23:32:32 +1100
Processing by AuthorsController#show as HTML
  Parameters: {"id"=>"1"}
  [1m[36mAuthor Load (0.2ms)[0m  [1m[34mSELECT  "authors".* FROM "authors" WHERE "authors"."id" = ? LIMIT ?[0m  [["id", 1], ["LIMIT", 1]]
  ↳ app/controllers/authors_controller.rb:16
  Rendering authors/show.html.erb within layouts/application
  Rendered authors/show.html.erb within layouts/application (1.1ms)
Completed 200 OK in 26ms (Views: 22.0ms | ActiveRecord: 0.2ms)


Started GET "/authors/1/edit" for 127.0.0.1 at 2018-10-10 23:41:24 +1100
Processing by AuthorsController#edit as HTML
  Parameters: {"id"=>"1"}
  [1m[36mAuthor Load (0.2ms)[0m  [1m[34mSELECT  "authors".* FROM "authors" WHERE "authors"."id" = ? LIMIT ?[0m  [["id", 1], ["LIMIT", 1]]
  ↳ app/controllers/authors_controller.rb:20
  Rendering authors/edit.html.erb within layouts/application
  Rendered authors/_form.html.erb (2.8ms)
  Rendered authors/edit.html.erb within layouts/application (5.5ms)
Completed 200 OK in 36ms (Views: 23.3ms | ActiveRecord: 0.7ms)


Started PATCH "/authors/1" for 127.0.0.1 at 2018-10-10 23:41:28 +1100
Processing by AuthorsController#update as HTML
  Parameters: {"utf8"=>"✓", "authenticity_token"=>"okFyREu8wZEO19m6JcyTBfzO5hrLf3FvpyfItxowYxivkd+aIeEY5qT1wzHUB7IhjcBHEXdY4P/nKzywKVq/Hw==", "author"=>{"name"=>"George Orwell", "country"=>"English", "dob"=>"1950-06-25", "genre"=>"Dystopia,k", "image"=>"https://upload.wikimedia.org/wikipedia/commons/7/7e/George_Orwell_press_photo.jpg"}, "commit"=>"Update Author", "id"=>"1"}
  [1m[36mAuthor Load (0.3ms)[0m  [1m[34mSELECT  "authors".* FROM "authors" WHERE "authors"."id" = ? LIMIT ?[0m  [["id", 1], ["LIMIT", 1]]
  ↳ app/controllers/authors_controller.rb:24
  [1m[35m (0.1ms)[0m  [1m[36mbegin transaction[0m
  ↳ app/controllers/authors_controller.rb:25
  [1m[36mAuthor Update (0.4ms)[0m  [1m[33mUPDATE "authors" SET "genre" = ?, "updated_at" = ? WHERE "authors"."id" = ?[0m  [["genre", "Dystopia,k"], ["updated_at", "2018-10-10 12:41:28.501556"], ["id", 1]]
  ↳ app/controllers/authors_controller.rb:25
  [1m[35m (1.1ms)[0m  [1m[36mcommit transaction[0m
  ↳ app/controllers/authors_controller.rb:25
Redirected to http://localhost:3000/authors/1
Completed 302 Found in 7ms (ActiveRecord: 1.8ms)


Started GET "/authors/1" for 127.0.0.1 at 2018-10-10 23:41:28 +1100
Processing by AuthorsController#show as HTML
  Parameters: {"id"=>"1"}
  [1m[36mAuthor Load (0.2ms)[0m  [1m[34mSELECT  "authors".* FROM "authors" WHERE "authors"."id" = ? LIMIT ?[0m  [["id", 1], ["LIMIT", 1]]
  ↳ app/controllers/authors_controller.rb:16
  Rendering authors/show.html.erb within layouts/application
  Rendered authors/show.html.erb within layouts/application (0.9ms)
Completed 200 OK in 26ms (Views: 21.5ms | ActiveRecord: 0.2ms)


Started GET "/authors" for 127.0.0.1 at 2018-10-10 23:44:02 +1100
Processing by AuthorsController#index as HTML
  Rendering authors/index.html.erb within layouts/application
  [1m[36mAuthor Load (0.2ms)[0m  [1m[34mSELECT "authors".* FROM "authors"[0m
  ↳ app/views/authors/index.html.erb:3
  Rendered authors/index.html.erb within layouts/application (9.7ms)
Completed 200 OK in 41ms (Views: 37.2ms | ActiveRecord: 0.8ms)


Started GET "/authors/new" for 127.0.0.1 at 2018-10-10 23:44:02 +1100
Processing by AuthorsController#new as HTML
  Rendering authors/new.html.erb within layouts/application
  Rendered authors/_form.html.erb (3.0ms)
  Rendered authors/new.html.erb within layouts/application (6.2ms)
Completed 200 OK in 27ms (Views: 24.2ms | ActiveRecord: 0.0ms)


Started GET "/authors" for 127.0.0.1 at 2018-10-10 23:44:03 +1100
Processing by AuthorsController#index as HTML
  Rendering authors/index.html.erb within layouts/application
  [1m[36mAuthor Load (0.2ms)[0m  [1m[34mSELECT "authors".* FROM "authors"[0m
  ↳ app/views/authors/index.html.erb:3
  Rendered authors/index.html.erb within layouts/application (1.6ms)
Completed 200 OK in 23ms (Views: 20.0ms | ActiveRecord: 0.2ms)


Started GET "/authors/5" for 127.0.0.1 at 2018-10-10 23:44:04 +1100
Processing by AuthorsController#show as HTML
  Parameters: {"id"=>"5"}
  [1m[36mAuthor Load (0.2ms)[0m  [1m[34mSELECT  "authors".* FROM "authors" WHERE "authors"."id" = ? LIMIT ?[0m  [["id", 5], ["LIMIT", 1]]
  ↳ app/controllers/authors_controller.rb:16
  Rendering authors/show.html.erb within layouts/application
  Rendered authors/show.html.erb within layouts/application (1.1ms)
Completed 200 OK in 23ms (Views: 19.2ms | ActiveRecord: 0.2ms)


Started DELETE "/authors/5" for 127.0.0.1 at 2018-10-10 23:44:05 +1100
Processing by AuthorsController#destroy as HTML
  Parameters: {"authenticity_token"=>"pUqzls0yG6bYLT7JKH7VU4fCb4JuzIFYemyL5u7dDGGomh5Ip2/C0XIPJELZtfR39szOidLrEMg6YH/h3bfQZg==", "id"=>"5"}
  [1m[36mAuthor Load (0.1ms)[0m  [1m[34mSELECT  "authors".* FROM "authors" WHERE "authors"."id" = ? LIMIT ?[0m  [["id", 5], ["LIMIT", 1]]
  ↳ app/controllers/authors_controller.rb:31
  [1m[36mAuthor Destroy (6.5ms)[0m  [1m[31mDELETE FROM "authors" WHERE "authors"."id" = ?[0m  [["id", 5]]
  ↳ app/controllers/authors_controller.rb:31
Redirected to http://localhost:3000/authors
Completed 302 Found in 9ms (ActiveRecord: 6.7ms)


Started GET "/authors" for 127.0.0.1 at 2018-10-10 23:44:05 +1100
Processing by AuthorsController#index as HTML
  Rendering authors/index.html.erb within layouts/application
  [1m[36mAuthor Load (0.2ms)[0m  [1m[34mSELECT "authors".* FROM "authors"[0m
  ↳ app/views/authors/index.html.erb:3
  Rendered authors/index.html.erb within layouts/application (1.6ms)
Completed 200 OK in 24ms (Views: 20.8ms | ActiveRecord: 0.2ms)


Started GET "/authors/new" for 127.0.0.1 at 2018-10-10 23:44:07 +1100
Processing by AuthorsController#new as HTML
  Rendering authors/new.html.erb within layouts/application
  Rendered authors/_form.html.erb (2.9ms)
  Rendered authors/new.html.erb within layouts/application (6.0ms)
Completed 200 OK in 28ms (Views: 24.8ms | ActiveRecord: 0.0ms)


Started GET "/authors" for 127.0.0.1 at 2018-10-10 23:44:08 +1100
Processing by AuthorsController#index as HTML
  Rendering authors/index.html.erb within layouts/application
  [1m[36mAuthor Load (0.2ms)[0m  [1m[34mSELECT "authors".* FROM "authors"[0m
  ↳ app/views/authors/index.html.erb:3
  Rendered authors/index.html.erb within layouts/application (1.5ms)
Completed 200 OK in 23ms (Views: 20.0ms | ActiveRecord: 0.2ms)


  [1m[35m (0.6ms)[0m  [1m[34mSELECT "schema_migrations"."version" FROM "schema_migrations" ORDER BY "schema_migrations"."version" ASC[0m
  ↳ bin/rails:9
Migrating to CreateUsers (20181011115133)
  [1m[35m (0.1ms)[0m  [1m[36mbegin transaction[0m
  ↳ bin/rails:9
  [1m[35m (0.1ms)[0m  [1m[34mSELECT sqlite_version(*)[0m
  ↳ db/migrate/20181011115133_create_users.rb:3
  [1m[35m (0.4ms)[0m  [1m[35mCREATE TABLE "users" ("id" integer PRIMARY KEY AUTOINCREMENT NOT NULL, "name" varchar, "password_digest" varchar, "email" varchar, "created_at" datetime NOT NULL, "updated_at" datetime NOT NULL)[0m
  ↳ db/migrate/20181011115133_create_users.rb:3
  [1m[36mActiveRecord::SchemaMigration Create (0.7ms)[0m  [1m[32mINSERT INTO "schema_migrations" ("version") VALUES (?)[0m  [["version", "20181011115133"]]
  ↳ bin/rails:9
  [1m[35m (1.0ms)[0m  [1m[36mcommit transaction[0m
  ↳ bin/rails:9
  [1m[36mActiveRecord::InternalMetadata Load (0.8ms)[0m  [1m[34mSELECT  "ar_internal_metadata".* FROM "ar_internal_metadata" WHERE "ar_internal_metadata"."key" = ? LIMIT ?[0m  [["key", "environment"], ["LIMIT", 1]]
  ↳ bin/rails:9
  [1m[35m (0.1ms)[0m  [1m[36mbegin transaction[0m
  ↳ bin/rails:9
  [1m[35m (0.0ms)[0m  [1m[36mcommit transaction[0m
  ↳ bin/rails:9
  [1m[35m (0.1ms)[0m  [1m[34mSELECT "schema_migrations"."version" FROM "schema_migrations" ORDER BY "schema_migrations"."version" ASC[0m
  ↳ bin/rails:9
Started GET "/login" for 127.0.0.1 at 2018-10-11 23:14:54 +1100
  [1m[35m (0.1ms)[0m  [1m[34mSELECT "schema_migrations"."version" FROM "schema_migrations" ORDER BY "schema_migrations"."version" ASC[0m
  ↳ /Users/andy/.rvm/gems/ruby-2.5.1/gems/activerecord-5.2.1/lib/active_record/log_subscriber.rb:98
  
SyntaxError (/Users/andy/wdi/homework/andy_lau/week5/authors-db/app/controllers/session_controller.rb:20: syntax error, unexpected end-of-input, expecting keyword_end):
  
app/controllers/session_controller.rb:20: syntax error, unexpected end-of-input, expecting keyword_end
Started GET "/login" for 127.0.0.1 at 2018-10-11 23:15:08 +1100
Started GET "/login" for 127.0.0.1 at 2018-10-11 23:15:18 +1100
Processing by SessionController#new as HTML
  Rendering session/new.html.erb within layouts/application
  Rendered session/new.html.erb within layouts/application (0.4ms)
Completed 500 Internal Server Error in 12ms (ActiveRecord: 0.0ms)


  
SyntaxError (/Users/andy/wdi/homework/andy_lau/week5/authors-db/app/views/layouts/application.html.erb:26: syntax error, unexpected keyword_ensure, expecting ')'
          ensure
          ^~~~~~
/Users/andy/wdi/homework/andy_lau/week5/authors-db/app/views/layouts/application.html.erb:28: syntax error, unexpected keyword_end, expecting ')'
          end
          ^~~):
  
app/views/layouts/application.html.erb:26: syntax error, unexpected keyword_ensure, expecting ')'
app/views/layouts/application.html.erb:28: syntax error, unexpected keyword_end, expecting ')'
Processing by SessionController#new as HTML
  Rendering session/new.html.erb within layouts/application
  Rendered session/new.html.erb within layouts/application (0.0ms)
Completed 500 Internal Server Error in 10ms (ActiveRecord: 0.0ms)


  
SyntaxError (/Users/andy/wdi/homework/andy_lau/week5/authors-db/app/views/layouts/application.html.erb:26: syntax error, unexpected keyword_ensure, expecting ')'
          ensure
          ^~~~~~
/Users/andy/wdi/homework/andy_lau/week5/authors-db/app/views/layouts/application.html.erb:28: syntax error, unexpected keyword_end, expecting ')'
          end
          ^~~):
  
app/views/layouts/application.html.erb:26: syntax error, unexpected keyword_ensure, expecting ')'
app/views/layouts/application.html.erb:28: syntax error, unexpected keyword_end, expecting ')'
Started GET "/login" for 127.0.0.1 at 2018-10-11 23:15:36 +1100
Processing by SessionController#new as HTML
  Rendering session/new.html.erb within layouts/application
  Rendered session/new.html.erb within layouts/application (0.3ms)
Completed 500 Internal Server Error in 12ms (ActiveRecord: 0.0ms)


  
SyntaxError (/Users/andy/wdi/homework/andy_lau/week5/authors-db/app/views/layouts/application.html.erb:26: syntax error, unexpected keyword_ensure, expecting ')'
          ensure
          ^~~~~~
/Users/andy/wdi/homework/andy_lau/week5/authors-db/app/views/layouts/application.html.erb:28: syntax error, unexpected keyword_end, expecting ')'
          end
          ^~~):
  
app/views/layouts/application.html.erb:26: syntax error, unexpected keyword_ensure, expecting ')'
app/views/layouts/application.html.erb:28: syntax error, unexpected keyword_end, expecting ')'
Started GET "/login" for 127.0.0.1 at 2018-10-11 23:16:11 +1100
Processing by SessionController#new as HTML
  Rendering session/new.html.erb within layouts/application
  Rendered session/new.html.erb within layouts/application (0.3ms)
Completed 500 Internal Server Error in 692ms (ActiveRecord: 0.0ms)


  
ActionView::Template::Error (undefined local variable or method `new_user_path' for #<#<Class:0x00007fb476cde470>:0x00007fb476d0c820>
Did you mean?  new_author_path):
    12:   <body>
    13:     <h1>Authors</h1>
    14:     <ul>
    15:       <li><%= link_to "Sign Up", new_user_path %> %></li>
    16:       <li><%= link_to "Sign In", login_path %> %></li>
    17:       <li><%= link_to "Log Out", login_path, :method => :delete %>) %></li>
    18:     </ul>
  
app/views/layouts/application.html.erb:15:in `_app_views_layouts_application_html_erb__1828916357532216404_70206540802500'
Started GET "/rails/info/routes" for 127.0.0.1 at 2018-10-11 23:16:46 +1100
Processing by Rails::InfoController#routes as HTML
  Rendering /Users/andy/.rvm/gems/ruby-2.5.1/gems/railties-5.2.1/lib/rails/templates/rails/info/routes.html.erb within layouts/application
  Rendered collection of /Users/andy/.rvm/gems/ruby-2.5.1/gems/actionpack-5.2.1/lib/action_dispatch/middleware/templates/routes/_route.html.erb [16 times] (5.2ms)
  Rendered /Users/andy/.rvm/gems/ruby-2.5.1/gems/actionpack-5.2.1/lib/action_dispatch/middleware/templates/routes/_table.html.erb (8.4ms)
  Rendered /Users/andy/.rvm/gems/ruby-2.5.1/gems/railties-5.2.1/lib/rails/templates/rails/info/routes.html.erb within layouts/application (21.7ms)
Completed 200 OK in 40ms (Views: 33.5ms | ActiveRecord: 0.0ms)


  [1m[35m (0.1ms)[0m  [1m[34mSELECT "schema_migrations"."version" FROM "schema_migrations" ORDER BY "schema_migrations"."version" ASC[0m
  ↳ bin/rails:9
Migrating to CreateUsers (20181011122235)
  [1m[35m (0.0ms)[0m  [1m[36mbegin transaction[0m
  ↳ bin/rails:9
  [1m[35m (0.1ms)[0m  [1m[34mSELECT sqlite_version(*)[0m
  ↳ db/migrate/20181011122235_create_users.rb:3
  [1m[35m (0.4ms)[0m  [1m[35mCREATE TABLE "users" ("id" integer PRIMARY KEY AUTOINCREMENT NOT NULL, "name" text, "email" text, "password_digest" text, "created_at" datetime NOT NULL, "updated_at" datetime NOT NULL)[0m
  ↳ db/migrate/20181011122235_create_users.rb:3
  [1m[35m (0.0ms)[0m  [1m[31mrollback transaction[0m
  ↳ bin/rails:9
